[2025-04-11T20:00:41.951Z] Actively Monitored Tokens: 14
  - 6VGvmHxPrK8fjAu8WuTvoPsENVYrJEYVDpxgXU28moon | RSI: 57.49 | MC: 88K | Stage: READY - Monitoring for signals
    RSI Working: YES | MC Working: YES | Ready: YES
    Last Activity: 2025-04-11T20:00:34.335Z
    Details: MC is now working with value: 88K

  - HNChsWbqbCng9ZcGp8YjiieUrJmyPbuPsYimoX1Gmoon | RSI: 40.99 | MC: 207K | Stage: READY - Monitoring for signals
    RSI Working: YES | MC Working: YES | Ready: YES
    Last Activity: 2025-04-11T20:00:41.923Z
    Details: MC is now working with value: 207K

  - 8tVzGG4pgRke5PUXXjpA52aWM82WU5zpbjyeCxrgpump | RSI: N/A | MC: N/A | Stage: Opening
    RSI Working: NO | MC Working: NO | Ready: NO
    Last Activity: 2025-04-11T19:55:28.545Z
    Details: Opening token page (attempt 2/3)

  - 5d82791nEub4A6WJR4t5rtDUrM1CrWdcw4kea4U9pump | RSI: 56.66 | MC: 45K | Stage: READY - Monitoring for signals
    RSI Working: YES | MC Working: YES | Ready: YES
    Last Activity: 2025-04-11T20:00:12.273Z
    Details: MC is now working with value: 45K

  - 5CxtvaR1SskwLxfzHGurx8Enu8bgSTPyWF3YP4sWpump | RSI: N/A | MC: N/A | Stage: Opening
    RSI Working: NO | MC Working: NO | Ready: NO
    Last Activity: 2025-04-11T19:57:08.144Z
    Details: Opening token page (attempt 2/3)

  - 5qnUfJL8yKEr4CJHKj97cwo29qst3GpD8gEpqf16pump | RSI: N/A | MC: N/A | Stage: Opening
    RSI Working: NO | MC Working: NO | Ready: NO
    Last Activity: 2025-04-11T19:57:33.031Z
    Details: Opening token page (attempt 2/3)

  - DfpCpfFmNVuuy9mxNbvwQnA8nzhXUo6QEuw5PVFypump | RSI: N/A | MC: N/A | Stage: Opening
    RSI Working: NO | MC Working: NO | Ready: NO
    Last Activity: 2025-04-11T19:57:36.164Z
    Details: Opening token page (attempt 2/3)

  - G4TVtFU7SN8DjqVkFEbRXEyoPvbR2X6NmbokhC9ppump | RSI: 33.75 | MC: 38K | Stage: READY - Monitoring for signals
    RSI Working: YES | MC Working: YES | Ready: YES
    Last Activity: 2025-04-11T20:00:41.926Z
    Details: MC is now working with value: 38K

  - E3VuNmZfjQ29dLF7MEs9gNqrpZbvcAYthN2FfH5npump | RSI: N/A | MC: N/A | Stage: Opening
    RSI Working: NO | MC Working: NO | Ready: NO
    Last Activity: 2025-04-11T20:00:17.236Z
    Details: Opening token page (attempt 2/3)

  - ETasC7rTQ2FSb9HZPRnEkzahB3gaqmxQupNfBhCbpump | RSI: N/A | MC: N/A | Stage: Opening
    RSI Working: NO | MC Working: NO | Ready: NO
    Last Activity: 2025-04-11T20:00:18.342Z
    Details: Opening token page (attempt 2/3)

  - Gpchfi1FMEJvs9Uda226wbLTrN1c52Syubczs1BEpump | RSI: N/A | MC: N/A | Stage: Opening
    RSI Working: NO | MC Working: NO | Ready: NO
    Last Activity: 2025-04-11T20:00:18.379Z
    Details: Opening token page (attempt 2/3)

  - AH2khvHdk5J5fk44FAEYBjqcDM48PyVhnuJARQBipump | RSI: N/A | MC: N/A | Stage: Opening
    RSI Working: NO | MC Working: NO | Ready: NO
    Last Activity: 2025-04-11T20:00:19.041Z
    Details: Opening token page (attempt 2/3)

  - b7BYnMFe74EU55L5xzKqF5PV9cMv1FLj1dWH5PApump | RSI: N/A | MC: N/A | Stage: Opening
    RSI Working: NO | MC Working: NO | Ready: NO
    Last Activity: 2025-04-11T20:00:18.908Z
    Details: Opening token page (attempt 2/3)

  - HFgGdR2qqSyS2yHy1keb2BFrsZYv7zh7FGeK6Nkgpump | RSI: 29.73 | MC: 5K | Stage: READY - Monitoring for signals
    RSI Working: YES | MC Working: YES | Ready: YES
    Last Activity: 2025-04-11T20:00:41.800Z
    Details: MC is now working with value: 5K
