[2025-04-11T19:52:36.918Z] Token: 9X87savfRSRf5QEN28LXn4TVaxitNYUk6c4hwSJCpump | Symbol: NIPCOIN | TX: 3pgXASiHmj98XMTuj1awrRaUy7kNAxSAtKb1judJEvt6TZH1NZ1FF4wYYhFbWxU9Q6yHt41UUYFzms2V635jQaMZ
[2025-04-11T19:52:36.925Z] Token: A5rdU18CyTf9NbGAJc9tqFP5CTkn6F4HNyDxMRzEpump | Symbol: PINK | TX: 3pgXASiHmj98XMTuj1awrRaUy7kNAxSAtKb1judJEvt6TZH1NZ1FF4wYYhFbWxU9Q6yHt41UUYFzms2V635jQaMZ
[2025-04-11T19:52:40.222Z] Token: 8tVzGG4pgRke5PUXXjpA52aWM82WU5zpbjyeCxrgpump | Symbol: LINK | TX: 3a2Gfj7jxNedPhNLtvPXjgesXqjD4qEdcLKWWMnPmmv3ceqokzJNQSwZMuJxZy9mrPCU8SWEfLXAdMcDxxC8db5Z
[2025-04-11T19:52:40.227Z] Token: TEtv9gav3Z5hEonjRkfvYg8pmX7SsEsTe6nrbUUpump | Symbol: DSPD | TX: 3a2Gfj7jxNedPhNLtvPXjgesXqjD4qEdcLKWWMnPmmv3ceqokzJNQSwZMuJxZy9mrPCU8SWEfLXAdMcDxxC8db5Z
[2025-04-11T19:52:42.946Z] Token: EDsM6Jf48HwXBHcZLdCAQieudJ1gxqq3xhSNh31Hpump | Symbol: LLC | TX: 5mNRNH38vqaK18ZQ56pCMAkv71c21FWgKn2c7Kc5gicuvpDuCmvJNy5ZweW4hyUw7Qf5a7mnNLF6uh9L4d8pcvdb
[2025-04-11T19:52:42.950Z] Token: G6fW4PACCuxpWuRMkvWnWkvSxxqGm1pfk39JSDsCpump | Symbol: SPL Token | TX: 5mNRNH38vqaK18ZQ56pCMAkv71c21FWgKn2c7Kc5gicuvpDuCmvJNy5ZweW4hyUw7Qf5a7mnNLF6uh9L4d8pcvdb
[2025-04-11T19:52:45.787Z] Token: 729UBGMrAjpQGK3vUF4ihzjTziGc9PqHVHvAZv2Mpump | Symbol: starlinky | TX: 5LVtXZTJCEZnViiSKGjrSUmPE1HU32MNSKCoJaA78dWScNWAqt27FhL3s1qmKYsdmqFhtu9gaAMrv4HpKVFvHSE8
[2025-04-11T19:52:45.791Z] Token: 5d82791nEub4A6WJR4t5rtDUrM1CrWdcw4kea4U9pump | Symbol: fartcycle | TX: 5LVtXZTJCEZnViiSKGjrSUmPE1HU32MNSKCoJaA78dWScNWAqt27FhL3s1qmKYsdmqFhtu9gaAMrv4HpKVFvHSE8
[2025-04-11T19:52:52.762Z] Token: 5CxtvaR1SskwLxfzHGurx8Enu8bgSTPyWF3YP4sWpump | Symbol: 42069COIN | TX: 4V7c8rm9LotTpWJTEvbzY7JBYn16VjxN2HE8nkNc2Kg9o1srMuo34pGfG1e2dYQtitj5zhExwAq7MxzQJ4f6TA76
[2025-04-11T19:52:52.784Z] Token: Dj54kdqbVa1t1FYmLYuUAyM4MNrGhHpqUYRb5yGXpump | Symbol: FaFi | TX: 4V7c8rm9LotTpWJTEvbzY7JBYn16VjxN2HE8nkNc2Kg9o1srMuo34pGfG1e2dYQtitj5zhExwAq7MxzQJ4f6TA76
[2025-04-11T19:52:56.882Z] Token: A5rdU18CyTf9NbGAJc9tqFP5CTkn6F4HNyDxMRzEpump | Symbol: PINK | TX: 4P5XTcoiUSCVDYtKH3X5P4tguC7VUdmGxrLndFPQCDeLRPoqQzQXw6GAEATutvafp8bC2kj2rVmHuyUx5LvcWxWh
[2025-04-11T19:52:56.896Z] Token: 5qnUfJL8yKEr4CJHKj97cwo29qst3GpD8gEpqf16pump | Symbol: Grimace | TX: 4P5XTcoiUSCVDYtKH3X5P4tguC7VUdmGxrLndFPQCDeLRPoqQzQXw6GAEATutvafp8bC2kj2rVmHuyUx5LvcWxWh
[2025-04-11T19:53:03.377Z] Token: 2C3chrgEdVUmcbWHXdSeDcQ5Bz65J2mvEVHPGewjpump | Symbol: MCGA | TX: 35XzVcCScHUQKZYG5ZovKYGV7Tm4JV35z3Yk4TaH5gpTb12e2cwa9B1V9Jx84ckmDt1rDais4NoSxMaidcGRVrYU
[2025-04-11T19:53:10.964Z] Token: DfpCpfFmNVuuy9mxNbvwQnA8nzhXUo6QEuw5PVFypump | Symbol: KATYMOON | TX: iydQSt3xaLAgfyFLdguQ3ZewSTetRcAQdQaRUfb1dGfucXLHyJz4e2vmnrsohEyM5rsdaNwLfEqt12dgkTcRee2
[2025-04-11T19:53:10.968Z] Token: EeeXw2UwM6niF9Q1htXk54erMVhVmVqdu8iB4Sk5pump | Symbol: Chomp | TX: iydQSt3xaLAgfyFLdguQ3ZewSTetRcAQdQaRUfb1dGfucXLHyJz4e2vmnrsohEyM5rsdaNwLfEqt12dgkTcRee2
[2025-04-11T19:53:16.618Z] Token: G4TVtFU7SN8DjqVkFEbRXEyoPvbR2X6NmbokhC9ppump | Symbol: BFC | TX: 2QR4kFQQ16WaM8PvJpgfrYAT1RjXcH1e3yFHWNMrL8nUVSSzfJMePrWB4V4AXXe6MqaVGuoTqBLxi2MRr9FfARaZ
[2025-04-11T19:53:16.626Z] Token: E3VuNmZfjQ29dLF7MEs9gNqrpZbvcAYthN2FfH5npump | Symbol: SPL Token | TX: 2QR4kFQQ16WaM8PvJpgfrYAT1RjXcH1e3yFHWNMrL8nUVSSzfJMePrWB4V4AXXe6MqaVGuoTqBLxi2MRr9FfARaZ
[2025-04-11T19:53:21.013Z] Token: ETasC7rTQ2FSb9HZPRnEkzahB3gaqmxQupNfBhCbpump | Symbol: ITW | TX: 2d4qWLfUJAj3t3fWeWECm4axFP9ho6nhZooaLvcgTgJKcawQQ6kh92zFHDwwNWcQ2no1wmAcQUyrWZKHNerBn47
[2025-04-11T19:53:21.032Z] Token: Gpchfi1FMEJvs9Uda226wbLTrN1c52Syubczs1BEpump | Symbol: ITW | TX: 2d4qWLfUJAj3t3fWeWECm4axFP9ho6nhZooaLvcgTgJKcawQQ6kh92zFHDwwNWcQ2no1wmAcQUyrWZKHNerBn47
[2025-04-11T19:53:39.662Z] Token: EeeXw2UwM6niF9Q1htXk54erMVhVmVqdu8iB4Sk5pump | Symbol: Chomp | TX: 3sggCgT8ZTJfzhW2bh2cY65WzmeDde5qB36XUH3zRMH6vU2bw1RYKU34ZpM6V8y4KmPkZ8vo2sqEsiJ4Sb7GqqK6
[2025-04-11T19:53:39.663Z] Token: AH2khvHdk5J5fk44FAEYBjqcDM48PyVhnuJARQBipump | Symbol: Oligarchy | TX: 3sggCgT8ZTJfzhW2bh2cY65WzmeDde5qB36XUH3zRMH6vU2bw1RYKU34ZpM6V8y4KmPkZ8vo2sqEsiJ4Sb7GqqK6
[2025-04-11T19:53:43.249Z] Token: b7BYnMFe74EU55L5xzKqF5PV9cMv1FLj1dWH5PApump | Symbol: phanks | TX: 5DE7nGcsNoAGb9k3apRTLxXEjaTqSzA7DpcciutWpaXdjeeha81Gw6QUzMXAVDzVy4iqACQbTpR3heCvVeYwjEWC
[2025-04-11T19:53:43.253Z] Token: HFgGdR2qqSyS2yHy1keb2BFrsZYv7zh7FGeK6Nkgpump | Symbol: Fu Zai | TX: 5DE7nGcsNoAGb9k3apRTLxXEjaTqSzA7DpcciutWpaXdjeeha81Gw6QUzMXAVDzVy4iqACQbTpR3heCvVeYwjEWC
[2025-04-11T19:53:46.589Z] Token: 4GUoDg5bsPukgCN8WxVRtvDYoAvhkFkGHWN3aNMXpump | Symbol: SPL Token | TX: aXYi1oZaKg61xa6niXekmcFryKTewHPu5dQefjzsLY4m4bgWNMeFhGGkHztjjz2hmUc6ejTjdVJLeaDoi239SnR
[2025-04-11T19:54:05.206Z] Token: 2RkEzUvxq2jnxQjw1nrLZTSrdZGpZhbXRzDv9nbhpump | Symbol: boob | TX: 5fwQezQXtBhGf3rUPoyEV9fhSeFbVpazHtBtNHs19t7Xj5hvMAupyz2FcdKT36sTPbexVdfEF647oy8xVPQ8JEdP
[2025-04-11T19:54:05.211Z] Token: k34eDEXWo8mJvfC6MjVvNGKVXmcjqSVTh17bw7Lpump | Symbol: SOLTIX | TX: 5fwQezQXtBhGf3rUPoyEV9fhSeFbVpazHtBtNHs19t7Xj5hvMAupyz2FcdKT36sTPbexVdfEF647oy8xVPQ8JEdP
[2025-04-11T19:54:25.064Z] Token: GXxGSiRjnMSr5bCWwtgkbu2ZpD9uq2s3k2S8s7tbpump | Symbol: SCOPE | TX: m8bbREesZh5c8ohKSVBqFx1pgZvEMZa5eWUonyBK97m9ySbjrHgLQrqFmjRPfJ7vQ2GmkRJrPt6AZT4EcAMwo9x
[2025-04-11T19:54:25.068Z] Token: GzdFBGKXeSLpdMmsy4761iLf6MRSHy7CZEcXGrwkpump | Symbol: HAIR | TX: m8bbREesZh5c8ohKSVBqFx1pgZvEMZa5eWUonyBK97m9ySbjrHgLQrqFmjRPfJ7vQ2GmkRJrPt6AZT4EcAMwo9x
[2025-04-11T19:54:57.023Z] Token: J9tBGFgTnpkVWPEwtHMwLqxUNFMXQakZXLQUP5y5pump | Symbol: Land | TX: 5uXY7agTfFTkk94hUfrpsQ9SJY4NuYPDywpHefjhwLpRAZ3YbLeADX4FvgQTAZ21N2vaEjpq7rYkp31h2Tmb8f5F
[2025-04-11T19:54:57.029Z] Token: 4yPkcpzazKvuKxGbt4kCdg7R2yvpX9gE4b7uctdfpump | Symbol: RAM | TX: 5uXY7agTfFTkk94hUfrpsQ9SJY4NuYPDywpHefjhwLpRAZ3YbLeADX4FvgQTAZ21N2vaEjpq7rYkp31h2Tmb8f5F
[2025-04-11T19:55:16.399Z] Token: 9QcgTDzniL3cmEA2yhQVqVDwdD4GrdtVGHMpQaThpump | Symbol: SPL Token | TX: kbuosghDNohEjSTabQjQWhtx1graHeEojeXeyASkERHguRroy9duBfq4bZCdKj5swX41SLsMLdrQjbiTT5qjeFP
[2025-04-11T19:55:26.092Z] Token: EeeXw2UwM6niF9Q1htXk54erMVhVmVqdu8iB4Sk5pump | Symbol: Chomp | TX: 3RNhVfF4CA6aJmaD8Nr7qmh7ACpUemYfMtFUnWPPaVJyY9o5BzuFfXZmrPQpyu9YxpmkMci2iFPr4quNtUtiY6bS
[2025-04-11T19:55:26.094Z] Token: ExLbFtca8BuEHRTVUjsSBq14jJVqDP4csS17GAbYpump | Symbol: WOP | TX: 3RNhVfF4CA6aJmaD8Nr7qmh7ACpUemYfMtFUnWPPaVJyY9o5BzuFfXZmrPQpyu9YxpmkMci2iFPr4quNtUtiY6bS
[2025-04-11T19:55:47.099Z] Token: AVmQwiVBEXvZet5DZJu5oRbERg25pD5zuAW1u9qGpump | Symbol: crayon | TX: 2AZqRphPXsTuUUiWjgF8ZExTMdd9uwowAMqcGzvnD73eLTcMJu9bV4p4WTqZYUy9uS7yy44PTpmAmzQ5s4pVMZC9
[2025-04-11T19:55:47.105Z] Token: GzdFBGKXeSLpdMmsy4761iLf6MRSHy7CZEcXGrwkpump | Symbol: HAIR | TX: 2AZqRphPXsTuUUiWjgF8ZExTMdd9uwowAMqcGzvnD73eLTcMJu9bV4p4WTqZYUy9uS7yy44PTpmAmzQ5s4pVMZC9
[2025-04-11T19:55:51.260Z] Token: 7SyppZXmyBtELy6otM5gmg8jnnymLMDoU8xcPyAcpump | Symbol: 420M | TX: 59MEKmb8rBpQbkno2E7akdNL4YorPwKP6Hi96NuXwpjXxcS4qGYTNA7gSW6tGEfMaeUk8bZ2ZQ5pBpger2VNKi51
[2025-04-11T19:55:55.646Z] Token: 6mmEpBUYdfNdWN4nByn1uuN7pry5SZKsaBp3Ea23pump | Symbol: Grok | TX: YRE2PP36qoy9N8ux8H4PtHEQXp8PmpkVMfpJtL5xVYFeaYNZXJvWAtssL3eNUj1jEYo4FPGS8DeDgXXZKDQKky7
[2025-04-11T19:55:55.651Z] Token: CT8ZUvPHjEivsEmQ7iEjJEBvJhH38BtTDzngawqKpump | Symbol: SPL Token | TX: YRE2PP36qoy9N8ux8H4PtHEQXp8PmpkVMfpJtL5xVYFeaYNZXJvWAtssL3eNUj1jEYo4FPGS8DeDgXXZKDQKky7
[2025-04-11T19:55:58.668Z] Token: A5rdU18CyTf9NbGAJc9tqFP5CTkn6F4HNyDxMRzEpump | Symbol: PINK | TX: 4q7y48NT2DtS9fyUkb3okA7ti4F4R5muqmF39PhdgxRcbvDjbSdy5mx9YFGpXM2eqEKSRQE7HF3YYX64BNNrDbJV
[2025-04-11T19:55:58.670Z] Token: 5qnUfJL8yKEr4CJHKj97cwo29qst3GpD8gEpqf16pump | Symbol: Grimace | TX: 4q7y48NT2DtS9fyUkb3okA7ti4F4R5muqmF39PhdgxRcbvDjbSdy5mx9YFGpXM2eqEKSRQE7HF3YYX64BNNrDbJV
[2025-04-11T19:57:24.468Z] Token: EeeXw2UwM6niF9Q1htXk54erMVhVmVqdu8iB4Sk5pump | Symbol: Chomp | TX: 2TdM3KdBoLfW9iNvaMpTiF5my3keL3iQsExQ4pERCGduKSb3cp9dt4Vf5Nq4PUcYspZAXyreqd8ALK43s3tkYZWJ
[2025-04-11T19:57:24.527Z] Token: DfpCpfFmNVuuy9mxNbvwQnA8nzhXUo6QEuw5PVFypump | Symbol: KATYMOON | TX: 2TdM3KdBoLfW9iNvaMpTiF5my3keL3iQsExQ4pERCGduKSb3cp9dt4Vf5Nq4PUcYspZAXyreqd8ALK43s3tkYZWJ
[2025-04-11T19:57:28.226Z] Token: A5rdU18CyTf9NbGAJc9tqFP5CTkn6F4HNyDxMRzEpump | Symbol: PINK | TX: 2i1kvCGtxq4azGZyw8o5GWwBd8thgrr19ov1XiHV9YwTigJpPUTQ3SXTX7sqTA8wG1rywURUznm9xPh1Yqj1PHes
[2025-04-11T19:57:28.228Z] Token: 4qbPnLNscHEGovzJXaHUxMKs6XBg2HGVUhEuMAqwpump | Symbol: CHINAWOOD | TX: 2i1kvCGtxq4azGZyw8o5GWwBd8thgrr19ov1XiHV9YwTigJpPUTQ3SXTX7sqTA8wG1rywURUznm9xPh1Yqj1PHes
[2025-04-11T19:57:43.436Z] Token: 6F33geZQnh7qp8mwbb9vJTGP9ShqjiH3Nk8Fk9bnpump | Symbol: monster | TX: 5Ls2RaMbWci7U4QWPytq6Ez3aS7iU8y5zWWGsx8nJKt8zLsSL3CF5qEWdS7C1J1S9V4mBSZJTzuknUv7VeZn9pzz
[2025-04-11T19:57:43.464Z] Token: 2keMYYDadht6tLpYjQELbJSUyM3dVE94RVJDAZyFpump | Symbol: TRAPMAN | TX: 5Ls2RaMbWci7U4QWPytq6Ez3aS7iU8y5zWWGsx8nJKt8zLsSL3CF5qEWdS7C1J1S9V4mBSZJTzuknUv7VeZn9pzz
[2025-04-11T19:57:48.362Z] Token: 2wzVMXhLypmP92mXNCq4fuFcd9TCC972AbMfuiH3pump | Symbol: AISLOP | TX: 3tKD9vmdLcXr4MvAjn3V5uQhfpvwbM761r6sXRDrLtttJ5XhS4fhh2Jt2qa8k769G6QYUaaT9rrU92eEia4ejovA
[2025-04-11T19:57:49.231Z] Token: 8usJHdAQBCmdGgKqTrXR7b5Fs4WnZ9roexBZw1rYpump | Symbol: DeFi | TX: 3tKD9vmdLcXr4MvAjn3V5uQhfpvwbM761r6sXRDrLtttJ5XhS4fhh2Jt2qa8k769G6QYUaaT9rrU92eEia4ejovA
[2025-04-11T19:58:13.010Z] Token: GXxGSiRjnMSr5bCWwtgkbu2ZpD9uq2s3k2S8s7tbpump | Symbol: SCOPE | TX: 4LkEdgzPTNPtyKHPsvQbnpcqwbXToC1JYoFyvHc3m8DjkrJNWLLRUKgSzZ3Ym7ThMKsB79UtPAqr5jXzHBGMLfok
[2025-04-11T19:58:13.012Z] Token: GzdFBGKXeSLpdMmsy4761iLf6MRSHy7CZEcXGrwkpump | Symbol: HAIR | TX: 4LkEdgzPTNPtyKHPsvQbnpcqwbXToC1JYoFyvHc3m8DjkrJNWLLRUKgSzZ3Ym7ThMKsB79UtPAqr5jXzHBGMLfok
[2025-04-11T19:58:17.908Z] Token: GzdFBGKXeSLpdMmsy4761iLf6MRSHy7CZEcXGrwkpump | Symbol: HAIR | TX: NHuKwyfwmVKXdNcxrkpcbSwJHDVCE1Wf7nvnVyZzFU5PHgTnMpJCpw7qP3N3taQq7YBincjY8AozKJ5HynPfKzc
[2025-04-11T19:58:17.912Z] Token: 63fYtXQW6TKcG6zbHN2BxHjAoYkjDPr8JmPne4zqpump | Symbol: ideal | TX: NHuKwyfwmVKXdNcxrkpcbSwJHDVCE1Wf7nvnVyZzFU5PHgTnMpJCpw7qP3N3taQq7YBincjY8AozKJ5HynPfKzc
[2025-04-11T19:58:24.197Z] Token: 9NCRjZmqkx2MSgRgQocKNM6NvCkJj3TRJJZ9SLqipump | Symbol: NOOO | TX: 47ziGrX9yyDDxE86QwKjzBuH2ManTyGEMLnaXXsLzgsEk24miiP5unt5ZGxv1njUKu1nGVKCmczu6z2UgwaFK5hX
[2025-04-11T19:58:24.205Z] Token: 4VXTiwEZEB7MDMVHg7RfzBJ61fXjmcxVEDW2QjWXpump | Symbol: SPL Token | TX: 47ziGrX9yyDDxE86QwKjzBuH2ManTyGEMLnaXXsLzgsEk24miiP5unt5ZGxv1njUKu1nGVKCmczu6z2UgwaFK5hX
[2025-04-11T19:58:27.458Z] Token: TEtv9gav3Z5hEonjRkfvYg8pmX7SsEsTe6nrbUUpump | Symbol: DSPD | TX: 2UtxdviAqqgMhTsNZ3Wx8L1K3N17vxXGv18MdtGtfvnuPF5do6Stnx77d2uFiBX29eoWgZPwMa2EV6hN1oFkL4Co
[2025-04-11T19:58:31.000Z] Token: AnZAUarquWTDvCyb2UHUBKZHgBQAwNCJYCUVAdCupump | Symbol: TNL | TX: 2PvhNvc7j6sAkKWUfPChz36wFwUUtgXCneDE7cKnxcpv7zzzcv3stSNTc8f9wtycSTevUmjv8Tuiehh1xauDsEFu
[2025-04-11T19:58:44.196Z] Token: GaSPnL3ZDVf47TXFwuKPD9Mh8YFXw4aXA6xtnf5Tpump | Symbol: SPL Token | TX: ckSv2xsYXQRWn8z39vcL9cXNGthhWLxAmKEDEop8HB4Qb81F5Nh26rHdRKz4EPFdWt9SSxHuxBmyFLheMvYasrm
[2025-04-11T19:58:44.209Z] Token: 9XcYzq5UjZZVtbDbdBReNUNwW7tGyAUruoDEv1LHpump | Symbol: AuFi | TX: ckSv2xsYXQRWn8z39vcL9cXNGthhWLxAmKEDEop8HB4Qb81F5Nh26rHdRKz4EPFdWt9SSxHuxBmyFLheMvYasrm
[2025-04-11T19:58:48.973Z] Token: GzdFBGKXeSLpdMmsy4761iLf6MRSHy7CZEcXGrwkpump | Symbol: HAIR | TX: FiWsBr2EUHRuSWNEUiQ7jFGnFQ1tQkmKV7zLjLUg9hGKE8xDzoMepNJvt6BrVy7Tz5HptCmXUvFyC6aQbHP3kdY
[2025-04-11T19:58:55.186Z] Token: 4GUoDg5bsPukgCN8WxVRtvDYoAvhkFkGHWN3aNMXpump | Symbol: X | TX: sRNYWPee7hB7vWEULE19qRAp4FfBMzMzwnPc4myDvjZv5riXzA1wzk2Tf2WRK9CLyFRzg3KfnaNwNDQ7a9id64p
[2025-04-11T20:00:39.266Z] Token: 5d82791nEub4A6WJR4t5rtDUrM1CrWdcw4kea4U9pump | Symbol: fartcycle | TX: 3U2HAVYd5XSL4XjFtD1c4nRQybwUzkHHPb6WAehMdGmpuRBiuajxhkYeb5x5ADbKAV9HPKsGUQ5Nag83LBgnSJ7p
[2025-04-11T20:00:41.944Z] Token: EXqzgQbZx5Bxr5x8XqBmN6pS3fKXfLqqDiKBDtH7pump | Symbol: PEPE | TX: L6rbv5oH18aM6xbMXbQpBFx7JrTV1mcwz1QCxxikD4mUX3DeHzG2TMfxuXaLTCahVYcDBAnUeWsgYxu8vMdRGjg
[2025-04-11T20:00:41.949Z] Token: Bt3yR5VcsysFU33YQuNRTtZtjXie9z3XYpy3F9nNpump | Symbol: WINNING | TX: L6rbv5oH18aM6xbMXbQpBFx7JrTV1mcwz1QCxxikD4mUX3DeHzG2TMfxuXaLTCahVYcDBAnUeWsgYxu8vMdRGjg
