--- Log Created ---
[2025-04-11T19:52:33.229Z] Scraping top 10 signatures (10 new out of 10)
  Signatures processed: 10
    1. 3pgXASiHmj98XMTuj1awrRaUy7kNAxSAtKb1judJEvt6TZH1NZ1FF4wYYhFbWxU9Q6yHt41UUYFzms2V635jQaMZ (https://solscan.io/tx/3pgXASiHmj98XMTuj1awrRaUy7kNAxSAtKb1judJEvt6TZH1NZ1FF4wYYhFbWxU9Q6yHt41UUYFzms2V635jQaMZ)
    2. 3a2Gfj7jxNedPhNLtvPXjgesXqjD4qEdcLKWWMnPmmv3ceqokzJNQSwZMuJxZy9mrPCU8SWEfLXAdMcDxxC8db5Z (https://solscan.io/tx/3a2Gfj7jxNedPhNLtvPXjgesXqjD4qEdcLKWWMnPmmv3ceqokzJNQSwZMuJxZy9mrPCU8SWEfLXAdMcDxxC8db5Z)
    3. 5mNRNH38vqaK18ZQ56pCMAkv71c21FWgKn2c7Kc5gicuvpDuCmvJNy5ZweW4hyUw7Qf5a7mnNLF6uh9L4d8pcvdb (https://solscan.io/tx/5mNRNH38vqaK18ZQ56pCMAkv71c21FWgKn2c7Kc5gicuvpDuCmvJNy5ZweW4hyUw7Qf5a7mnNLF6uh9L4d8pcvdb)
    4. 5LVtXZTJCEZnViiSKGjrSUmPE1HU32MNSKCoJaA78dWScNWAqt27FhL3s1qmKYsdmqFhtu9gaAMrv4HpKVFvHSE8 (https://solscan.io/tx/5LVtXZTJCEZnViiSKGjrSUmPE1HU32MNSKCoJaA78dWScNWAqt27FhL3s1qmKYsdmqFhtu9gaAMrv4HpKVFvHSE8)
    5. 4V7c8rm9LotTpWJTEvbzY7JBYn16VjxN2HE8nkNc2Kg9o1srMuo34pGfG1e2dYQtitj5zhExwAq7MxzQJ4f6TA76 (https://solscan.io/tx/4V7c8rm9LotTpWJTEvbzY7JBYn16VjxN2HE8nkNc2Kg9o1srMuo34pGfG1e2dYQtitj5zhExwAq7MxzQJ4f6TA76)
    6. 4P5XTcoiUSCVDYtKH3X5P4tguC7VUdmGxrLndFPQCDeLRPoqQzQXw6GAEATutvafp8bC2kj2rVmHuyUx5LvcWxWh (https://solscan.io/tx/4P5XTcoiUSCVDYtKH3X5P4tguC7VUdmGxrLndFPQCDeLRPoqQzQXw6GAEATutvafp8bC2kj2rVmHuyUx5LvcWxWh)
    7. 35XzVcCScHUQKZYG5ZovKYGV7Tm4JV35z3Yk4TaH5gpTb12e2cwa9B1V9Jx84ckmDt1rDais4NoSxMaidcGRVrYU (https://solscan.io/tx/35XzVcCScHUQKZYG5ZovKYGV7Tm4JV35z3Yk4TaH5gpTb12e2cwa9B1V9Jx84ckmDt1rDais4NoSxMaidcGRVrYU)
    8. iydQSt3xaLAgfyFLdguQ3ZewSTetRcAQdQaRUfb1dGfucXLHyJz4e2vmnrsohEyM5rsdaNwLfEqt12dgkTcRee2 (https://solscan.io/tx/iydQSt3xaLAgfyFLdguQ3ZewSTetRcAQdQaRUfb1dGfucXLHyJz4e2vmnrsohEyM5rsdaNwLfEqt12dgkTcRee2)
    9. 2QR4kFQQ16WaM8PvJpgfrYAT1RjXcH1e3yFHWNMrL8nUVSSzfJMePrWB4V4AXXe6MqaVGuoTqBLxi2MRr9FfARaZ (https://solscan.io/tx/2QR4kFQQ16WaM8PvJpgfrYAT1RjXcH1e3yFHWNMrL8nUVSSzfJMePrWB4V4AXXe6MqaVGuoTqBLxi2MRr9FfARaZ)
    10. 2d4qWLfUJAj3t3fWeWECm4axFP9ho6nhZooaLvcgTgJKcawQQ6kh92zFHDwwNWcQ2no1wmAcQUyrWZKHNerBn47 (https://solscan.io/tx/2d4qWLfUJAj3t3fWeWECm4axFP9ho6nhZooaLvcgTgJKcawQQ6kh92zFHDwwNWcQ2no1wmAcQUyrWZKHNerBn47)
[2025-04-11T19:52:36.919Z] New pump token found: NIPCOIN
  Tokens found: 1
    1. NIPCOIN (9X87savfRSRf5QEN28LXn4TVaxitNYUk6c4hwSJCpump)
[2025-04-11T19:52:36.926Z] New pump token found: PINK
  Tokens found: 1
    1. PINK (A5rdU18CyTf9NbGAJc9tqFP5CTkn6F4HNyDxMRzEpump)
[2025-04-11T19:52:40.223Z] New pump token found: LINK
  Tokens found: 1
    1. LINK (8tVzGG4pgRke5PUXXjpA52aWM82WU5zpbjyeCxrgpump)
[2025-04-11T19:52:40.231Z] New pump token found: DSPD
  Tokens found: 1
    1. DSPD (TEtv9gav3Z5hEonjRkfvYg8pmX7SsEsTe6nrbUUpump)
[2025-04-11T19:52:42.947Z] New pump token found: LLC
  Tokens found: 1
    1. LLC (EDsM6Jf48HwXBHcZLdCAQieudJ1gxqq3xhSNh31Hpump)
[2025-04-11T19:52:42.951Z] New pump token found: SPL Token
  Tokens found: 1
    1. SPL Token (G6fW4PACCuxpWuRMkvWnWkvSxxqGm1pfk39JSDsCpump)
[2025-04-11T19:52:45.788Z] New pump token found: starlinky
  Tokens found: 1
    1. starlinky (729UBGMrAjpQGK3vUF4ihzjTziGc9PqHVHvAZv2Mpump)
[2025-04-11T19:52:45.792Z] New pump token found: fartcycle
  Tokens found: 1
    1. fartcycle (5d82791nEub4A6WJR4t5rtDUrM1CrWdcw4kea4U9pump)
[2025-04-11T19:52:52.779Z] New pump token found: 42069COIN
  Tokens found: 1
    1. 42069COIN (5CxtvaR1SskwLxfzHGurx8Enu8bgSTPyWF3YP4sWpump)
[2025-04-11T19:52:52.786Z] New pump token found: FaFi
  Tokens found: 1
    1. FaFi (Dj54kdqbVa1t1FYmLYuUAyM4MNrGhHpqUYRb5yGXpump)
[2025-04-11T19:52:56.884Z] New pump token found: PINK
  Tokens found: 1
    1. PINK (A5rdU18CyTf9NbGAJc9tqFP5CTkn6F4HNyDxMRzEpump)
[2025-04-11T19:52:56.907Z] New pump token found: Grimace
  Tokens found: 1
    1. Grimace (5qnUfJL8yKEr4CJHKj97cwo29qst3GpD8gEpqf16pump)
[2025-04-11T19:53:03.379Z] New pump token found: MCGA
  Tokens found: 1
    1. MCGA (2C3chrgEdVUmcbWHXdSeDcQ5Bz65J2mvEVHPGewjpump)
[2025-04-11T19:53:10.965Z] New pump token found: KATYMOON
  Tokens found: 1
    1. KATYMOON (DfpCpfFmNVuuy9mxNbvwQnA8nzhXUo6QEuw5PVFypump)
[2025-04-11T19:53:10.969Z] New pump token found: Chomp
  Tokens found: 1
    1. Chomp (EeeXw2UwM6niF9Q1htXk54erMVhVmVqdu8iB4Sk5pump)
[2025-04-11T19:53:16.619Z] New pump token found: BFC
  Tokens found: 1
    1. BFC (G4TVtFU7SN8DjqVkFEbRXEyoPvbR2X6NmbokhC9ppump)
[2025-04-11T19:53:16.631Z] New pump token found: SPL Token
  Tokens found: 1
    1. SPL Token (E3VuNmZfjQ29dLF7MEs9gNqrpZbvcAYthN2FfH5npump)
[2025-04-11T19:53:21.019Z] New pump token found: ITW
  Tokens found: 1
    1. ITW (ETasC7rTQ2FSb9HZPRnEkzahB3gaqmxQupNfBhCbpump)
[2025-04-11T19:53:21.035Z] New pump token found: ITW
  Tokens found: 1
    1. ITW (Gpchfi1FMEJvs9Uda226wbLTrN1c52Syubczs1BEpump)
[2025-04-11T19:53:21.644Z] Completed scraping: 19 new tokens found out of 107 total
  Signatures processed: 10
    1. 3pgXASiHmj98XMTuj1awrRaUy7kNAxSAtKb1judJEvt6TZH1NZ1FF4wYYhFbWxU9Q6yHt41UUYFzms2V635jQaMZ (https://solscan.io/tx/3pgXASiHmj98XMTuj1awrRaUy7kNAxSAtKb1judJEvt6TZH1NZ1FF4wYYhFbWxU9Q6yHt41UUYFzms2V635jQaMZ)
    2. 3a2Gfj7jxNedPhNLtvPXjgesXqjD4qEdcLKWWMnPmmv3ceqokzJNQSwZMuJxZy9mrPCU8SWEfLXAdMcDxxC8db5Z (https://solscan.io/tx/3a2Gfj7jxNedPhNLtvPXjgesXqjD4qEdcLKWWMnPmmv3ceqokzJNQSwZMuJxZy9mrPCU8SWEfLXAdMcDxxC8db5Z)
    3. 5mNRNH38vqaK18ZQ56pCMAkv71c21FWgKn2c7Kc5gicuvpDuCmvJNy5ZweW4hyUw7Qf5a7mnNLF6uh9L4d8pcvdb (https://solscan.io/tx/5mNRNH38vqaK18ZQ56pCMAkv71c21FWgKn2c7Kc5gicuvpDuCmvJNy5ZweW4hyUw7Qf5a7mnNLF6uh9L4d8pcvdb)
    4. 5LVtXZTJCEZnViiSKGjrSUmPE1HU32MNSKCoJaA78dWScNWAqt27FhL3s1qmKYsdmqFhtu9gaAMrv4HpKVFvHSE8 (https://solscan.io/tx/5LVtXZTJCEZnViiSKGjrSUmPE1HU32MNSKCoJaA78dWScNWAqt27FhL3s1qmKYsdmqFhtu9gaAMrv4HpKVFvHSE8)
    5. 4V7c8rm9LotTpWJTEvbzY7JBYn16VjxN2HE8nkNc2Kg9o1srMuo34pGfG1e2dYQtitj5zhExwAq7MxzQJ4f6TA76 (https://solscan.io/tx/4V7c8rm9LotTpWJTEvbzY7JBYn16VjxN2HE8nkNc2Kg9o1srMuo34pGfG1e2dYQtitj5zhExwAq7MxzQJ4f6TA76)
    6. 4P5XTcoiUSCVDYtKH3X5P4tguC7VUdmGxrLndFPQCDeLRPoqQzQXw6GAEATutvafp8bC2kj2rVmHuyUx5LvcWxWh (https://solscan.io/tx/4P5XTcoiUSCVDYtKH3X5P4tguC7VUdmGxrLndFPQCDeLRPoqQzQXw6GAEATutvafp8bC2kj2rVmHuyUx5LvcWxWh)
    7. 35XzVcCScHUQKZYG5ZovKYGV7Tm4JV35z3Yk4TaH5gpTb12e2cwa9B1V9Jx84ckmDt1rDais4NoSxMaidcGRVrYU (https://solscan.io/tx/35XzVcCScHUQKZYG5ZovKYGV7Tm4JV35z3Yk4TaH5gpTb12e2cwa9B1V9Jx84ckmDt1rDais4NoSxMaidcGRVrYU)
    8. iydQSt3xaLAgfyFLdguQ3ZewSTetRcAQdQaRUfb1dGfucXLHyJz4e2vmnrsohEyM5rsdaNwLfEqt12dgkTcRee2 (https://solscan.io/tx/iydQSt3xaLAgfyFLdguQ3ZewSTetRcAQdQaRUfb1dGfucXLHyJz4e2vmnrsohEyM5rsdaNwLfEqt12dgkTcRee2)
    9. 2QR4kFQQ16WaM8PvJpgfrYAT1RjXcH1e3yFHWNMrL8nUVSSzfJMePrWB4V4AXXe6MqaVGuoTqBLxi2MRr9FfARaZ (https://solscan.io/tx/2QR4kFQQ16WaM8PvJpgfrYAT1RjXcH1e3yFHWNMrL8nUVSSzfJMePrWB4V4AXXe6MqaVGuoTqBLxi2MRr9FfARaZ)
    10. 2d4qWLfUJAj3t3fWeWECm4axFP9ho6nhZooaLvcgTgJKcawQQ6kh92zFHDwwNWcQ2no1wmAcQUyrWZKHNerBn47 (https://solscan.io/tx/2d4qWLfUJAj3t3fWeWECm4axFP9ho6nhZooaLvcgTgJKcawQQ6kh92zFHDwwNWcQ2no1wmAcQUyrWZKHNerBn47)
  Tokens found: 107
    1. NIPCOIN (9X87savfRSRf5QEN28LXn4TVaxitNYUk6c4hwSJCpump)
    2. PINK (A5rdU18CyTf9NbGAJc9tqFP5CTkn6F4HNyDxMRzEpump)
    3. NIPCOIN (9X87savfRSRf5QEN28LXn4TVaxitNYUk6c4hwSJCpump)
    4. PINK (A5rdU18CyTf9NbGAJc9tqFP5CTkn6F4HNyDxMRzEpump)
    5. PINK (A5rdU18CyTf9NbGAJc9tqFP5CTkn6F4HNyDxMRzEpump)
    6. NIPCOIN (9X87savfRSRf5QEN28LXn4TVaxitNYUk6c4hwSJCpump)
    7. NIPCOIN (9X87savfRSRf5QEN28LXn4TVaxitNYUk6c4hwSJCpump)
    8. PINK (A5rdU18CyTf9NbGAJc9tqFP5CTkn6F4HNyDxMRzEpump)
    9. PINK (A5rdU18CyTf9NbGAJc9tqFP5CTkn6F4HNyDxMRzEpump)
    10. NIPCOIN (9X87savfRSRf5QEN28LXn4TVaxitNYUk6c4hwSJCpump)
    11. LINK (8tVzGG4pgRke5PUXXjpA52aWM82WU5zpbjyeCxrgpump)
    12. DSPD (TEtv9gav3Z5hEonjRkfvYg8pmX7SsEsTe6nrbUUpump)
    13. LINK (8tVzGG4pgRke5PUXXjpA52aWM82WU5zpbjyeCxrgpump)
    14. DSPD (TEtv9gav3Z5hEonjRkfvYg8pmX7SsEsTe6nrbUUpump)
    15. DSPD (TEtv9gav3Z5hEonjRkfvYg8pmX7SsEsTe6nrbUUpump)
    16. LINK (8tVzGG4pgRke5PUXXjpA52aWM82WU5zpbjyeCxrgpump)
    17. DSPD (TEtv9gav3Z5hEonjRkfvYg8pmX7SsEsTe6nrbUUpump)
    18. LINK (8tVzGG4pgRke5PUXXjpA52aWM82WU5zpbjyeCxrgpump)
    19. DSPD (TEtv9gav3Z5hEonjRkfvYg8pmX7SsEsTe6nrbUUpump)
    20. DSPD (TEtv9gav3Z5hEonjRkfvYg8pmX7SsEsTe6nrbUUpump)
    21. LINK (8tVzGG4pgRke5PUXXjpA52aWM82WU5zpbjyeCxrgpump)
    22. DSPD (TEtv9gav3Z5hEonjRkfvYg8pmX7SsEsTe6nrbUUpump)
    23. LLC (EDsM6Jf48HwXBHcZLdCAQieudJ1gxqq3xhSNh31Hpump)
    24. SPL Token (G6fW4PACCuxpWuRMkvWnWkvSxxqGm1pfk39JSDsCpump)
    25. LLC (EDsM6Jf48HwXBHcZLdCAQieudJ1gxqq3xhSNh31Hpump)
    26. LLC (EDsM6Jf48HwXBHcZLdCAQieudJ1gxqq3xhSNh31Hpump)
    27. SPL Token (G6fW4PACCuxpWuRMkvWnWkvSxxqGm1pfk39JSDsCpump)
    28. SPL Token (G6fW4PACCuxpWuRMkvWnWkvSxxqGm1pfk39JSDsCpump)
    29. LLC (EDsM6Jf48HwXBHcZLdCAQieudJ1gxqq3xhSNh31Hpump)
    30. LLC (EDsM6Jf48HwXBHcZLdCAQieudJ1gxqq3xhSNh31Hpump)
    31. LLC (EDsM6Jf48HwXBHcZLdCAQieudJ1gxqq3xhSNh31Hpump)
    32. SPL Token (G6fW4PACCuxpWuRMkvWnWkvSxxqGm1pfk39JSDsCpump)
    33. SPL Token (G6fW4PACCuxpWuRMkvWnWkvSxxqGm1pfk39JSDsCpump)
    34. LLC (EDsM6Jf48HwXBHcZLdCAQieudJ1gxqq3xhSNh31Hpump)
    35. starlinky (729UBGMrAjpQGK3vUF4ihzjTziGc9PqHVHvAZv2Mpump)
    36. fartcycle (5d82791nEub4A6WJR4t5rtDUrM1CrWdcw4kea4U9pump)
    37. starlinky (729UBGMrAjpQGK3vUF4ihzjTziGc9PqHVHvAZv2Mpump)
    38. fartcycle (5d82791nEub4A6WJR4t5rtDUrM1CrWdcw4kea4U9pump)
    39. fartcycle (5d82791nEub4A6WJR4t5rtDUrM1CrWdcw4kea4U9pump)
    40. starlinky (729UBGMrAjpQGK3vUF4ihzjTziGc9PqHVHvAZv2Mpump)
    41. fartcycle (5d82791nEub4A6WJR4t5rtDUrM1CrWdcw4kea4U9pump)
    42. fartcycle (5d82791nEub4A6WJR4t5rtDUrM1CrWdcw4kea4U9pump)
    43. starlinky (729UBGMrAjpQGK3vUF4ihzjTziGc9PqHVHvAZv2Mpump)
    44. starlinky (729UBGMrAjpQGK3vUF4ihzjTziGc9PqHVHvAZv2Mpump)
    45. 42069COIN (5CxtvaR1SskwLxfzHGurx8Enu8bgSTPyWF3YP4sWpump)
    46. FaFi (Dj54kdqbVa1t1FYmLYuUAyM4MNrGhHpqUYRb5yGXpump)
    47. 42069COIN (5CxtvaR1SskwLxfzHGurx8Enu8bgSTPyWF3YP4sWpump)
    48. FaFi (Dj54kdqbVa1t1FYmLYuUAyM4MNrGhHpqUYRb5yGXpump)
    49. FaFi (Dj54kdqbVa1t1FYmLYuUAyM4MNrGhHpqUYRb5yGXpump)
    50. 42069COIN (5CxtvaR1SskwLxfzHGurx8Enu8bgSTPyWF3YP4sWpump)
    51. FaFi (Dj54kdqbVa1t1FYmLYuUAyM4MNrGhHpqUYRb5yGXpump)
    52. FaFi (Dj54kdqbVa1t1FYmLYuUAyM4MNrGhHpqUYRb5yGXpump)
    53. 42069COIN (5CxtvaR1SskwLxfzHGurx8Enu8bgSTPyWF3YP4sWpump)
    54. 42069COIN (5CxtvaR1SskwLxfzHGurx8Enu8bgSTPyWF3YP4sWpump)
    55. PINK (A5rdU18CyTf9NbGAJc9tqFP5CTkn6F4HNyDxMRzEpump)
    56. Grimace (5qnUfJL8yKEr4CJHKj97cwo29qst3GpD8gEpqf16pump)
    57. PINK (A5rdU18CyTf9NbGAJc9tqFP5CTkn6F4HNyDxMRzEpump)
    58. PINK (A5rdU18CyTf9NbGAJc9tqFP5CTkn6F4HNyDxMRzEpump)
    59. Grimace (5qnUfJL8yKEr4CJHKj97cwo29qst3GpD8gEpqf16pump)
    60. PINK (A5rdU18CyTf9NbGAJc9tqFP5CTkn6F4HNyDxMRzEpump)
    61. Grimace (5qnUfJL8yKEr4CJHKj97cwo29qst3GpD8gEpqf16pump)
    62. PINK (A5rdU18CyTf9NbGAJc9tqFP5CTkn6F4HNyDxMRzEpump)
    63. PINK (A5rdU18CyTf9NbGAJc9tqFP5CTkn6F4HNyDxMRzEpump)
    64. Grimace (5qnUfJL8yKEr4CJHKj97cwo29qst3GpD8gEpqf16pump)
    65. PINK (A5rdU18CyTf9NbGAJc9tqFP5CTkn6F4HNyDxMRzEpump)
    66. Grimace (5qnUfJL8yKEr4CJHKj97cwo29qst3GpD8gEpqf16pump)
    67. MCGA (2C3chrgEdVUmcbWHXdSeDcQ5Bz65J2mvEVHPGewjpump)
    68. MCGA (2C3chrgEdVUmcbWHXdSeDcQ5Bz65J2mvEVHPGewjpump)
    69. MCGA (2C3chrgEdVUmcbWHXdSeDcQ5Bz65J2mvEVHPGewjpump)
    70. MCGA (2C3chrgEdVUmcbWHXdSeDcQ5Bz65J2mvEVHPGewjpump)
    71. MCGA (2C3chrgEdVUmcbWHXdSeDcQ5Bz65J2mvEVHPGewjpump)
    72. MCGA (2C3chrgEdVUmcbWHXdSeDcQ5Bz65J2mvEVHPGewjpump)
    73. MCGA (2C3chrgEdVUmcbWHXdSeDcQ5Bz65J2mvEVHPGewjpump)
    74. KATYMOON (DfpCpfFmNVuuy9mxNbvwQnA8nzhXUo6QEuw5PVFypump)
    75. Chomp (EeeXw2UwM6niF9Q1htXk54erMVhVmVqdu8iB4Sk5pump)
    76. KATYMOON (DfpCpfFmNVuuy9mxNbvwQnA8nzhXUo6QEuw5PVFypump)
    77. Chomp (EeeXw2UwM6niF9Q1htXk54erMVhVmVqdu8iB4Sk5pump)
    78. Chomp (EeeXw2UwM6niF9Q1htXk54erMVhVmVqdu8iB4Sk5pump)
    79. KATYMOON (DfpCpfFmNVuuy9mxNbvwQnA8nzhXUo6QEuw5PVFypump)
    80. KATYMOON (DfpCpfFmNVuuy9mxNbvwQnA8nzhXUo6QEuw5PVFypump)
    81. Chomp (EeeXw2UwM6niF9Q1htXk54erMVhVmVqdu8iB4Sk5pump)
    82. Chomp (EeeXw2UwM6niF9Q1htXk54erMVhVmVqdu8iB4Sk5pump)
    83. KATYMOON (DfpCpfFmNVuuy9mxNbvwQnA8nzhXUo6QEuw5PVFypump)
    84. BFC (G4TVtFU7SN8DjqVkFEbRXEyoPvbR2X6NmbokhC9ppump)
    85. SPL Token (E3VuNmZfjQ29dLF7MEs9gNqrpZbvcAYthN2FfH5npump)
    86. BFC (G4TVtFU7SN8DjqVkFEbRXEyoPvbR2X6NmbokhC9ppump)
    87. BFC (G4TVtFU7SN8DjqVkFEbRXEyoPvbR2X6NmbokhC9ppump)
    88. SPL Token (E3VuNmZfjQ29dLF7MEs9gNqrpZbvcAYthN2FfH5npump)
    89. SPL Token (E3VuNmZfjQ29dLF7MEs9gNqrpZbvcAYthN2FfH5npump)
    90. BFC (G4TVtFU7SN8DjqVkFEbRXEyoPvbR2X6NmbokhC9ppump)
    91. SPL Token (E3VuNmZfjQ29dLF7MEs9gNqrpZbvcAYthN2FfH5npump)
    92. SPL Token (E3VuNmZfjQ29dLF7MEs9gNqrpZbvcAYthN2FfH5npump)
    93. BFC (G4TVtFU7SN8DjqVkFEbRXEyoPvbR2X6NmbokhC9ppump)
    94. BFC (G4TVtFU7SN8DjqVkFEbRXEyoPvbR2X6NmbokhC9ppump)
    95. BFC (G4TVtFU7SN8DjqVkFEbRXEyoPvbR2X6NmbokhC9ppump)
    96. ITW (ETasC7rTQ2FSb9HZPRnEkzahB3gaqmxQupNfBhCbpump)
    97. ITW (Gpchfi1FMEJvs9Uda226wbLTrN1c52Syubczs1BEpump)
    98. ITW (ETasC7rTQ2FSb9HZPRnEkzahB3gaqmxQupNfBhCbpump)
    99. ITW (Gpchfi1FMEJvs9Uda226wbLTrN1c52Syubczs1BEpump)
    100. ITW (Gpchfi1FMEJvs9Uda226wbLTrN1c52Syubczs1BEpump)
    101. ITW (ETasC7rTQ2FSb9HZPRnEkzahB3gaqmxQupNfBhCbpump)
    102. ITW (Gpchfi1FMEJvs9Uda226wbLTrN1c52Syubczs1BEpump)
    103. ITW (Gpchfi1FMEJvs9Uda226wbLTrN1c52Syubczs1BEpump)
    104. ITW (Gpchfi1FMEJvs9Uda226wbLTrN1c52Syubczs1BEpump)
    105. ITW (ETasC7rTQ2FSb9HZPRnEkzahB3gaqmxQupNfBhCbpump)
    106. ITW (ETasC7rTQ2FSb9HZPRnEkzahB3gaqmxQupNfBhCbpump)
    107. ITW (Gpchfi1FMEJvs9Uda226wbLTrN1c52Syubczs1BEpump)
[2025-04-11T19:53:35.610Z] Scraping top 10 signatures (3 new out of 10)
  Signatures processed: 3
    1. 3sggCgT8ZTJfzhW2bh2cY65WzmeDde5qB36XUH3zRMH6vU2bw1RYKU34ZpM6V8y4KmPkZ8vo2sqEsiJ4Sb7GqqK6 (https://solscan.io/tx/3sggCgT8ZTJfzhW2bh2cY65WzmeDde5qB36XUH3zRMH6vU2bw1RYKU34ZpM6V8y4KmPkZ8vo2sqEsiJ4Sb7GqqK6)
    2. 5DE7nGcsNoAGb9k3apRTLxXEjaTqSzA7DpcciutWpaXdjeeha81Gw6QUzMXAVDzVy4iqACQbTpR3heCvVeYwjEWC (https://solscan.io/tx/5DE7nGcsNoAGb9k3apRTLxXEjaTqSzA7DpcciutWpaXdjeeha81Gw6QUzMXAVDzVy4iqACQbTpR3heCvVeYwjEWC)
    3. aXYi1oZaKg61xa6niXekmcFryKTewHPu5dQefjzsLY4m4bgWNMeFhGGkHztjjz2hmUc6ejTjdVJLeaDoi239SnR (https://solscan.io/tx/aXYi1oZaKg61xa6niXekmcFryKTewHPu5dQefjzsLY4m4bgWNMeFhGGkHztjjz2hmUc6ejTjdVJLeaDoi239SnR)
[2025-04-11T19:53:39.663Z] New pump token found: Chomp
  Tokens found: 1
    1. Chomp (EeeXw2UwM6niF9Q1htXk54erMVhVmVqdu8iB4Sk5pump)
[2025-04-11T19:53:39.664Z] New pump token found: Oligarchy
  Tokens found: 1
    1. Oligarchy (AH2khvHdk5J5fk44FAEYBjqcDM48PyVhnuJARQBipump)
[2025-04-11T19:53:43.250Z] New pump token found: phanks
  Tokens found: 1
    1. phanks (b7BYnMFe74EU55L5xzKqF5PV9cMv1FLj1dWH5PApump)
[2025-04-11T19:53:43.254Z] New pump token found: Fu Zai
  Tokens found: 1
    1. Fu Zai (HFgGdR2qqSyS2yHy1keb2BFrsZYv7zh7FGeK6Nkgpump)
[2025-04-11T19:53:46.591Z] New pump token found: SPL Token
  Tokens found: 1
    1. SPL Token (4GUoDg5bsPukgCN8WxVRtvDYoAvhkFkGHWN3aNMXpump)
[2025-04-11T19:53:47.149Z] Completed scraping: 5 new tokens found out of 27 total
  Signatures processed: 3
    1. 3sggCgT8ZTJfzhW2bh2cY65WzmeDde5qB36XUH3zRMH6vU2bw1RYKU34ZpM6V8y4KmPkZ8vo2sqEsiJ4Sb7GqqK6 (https://solscan.io/tx/3sggCgT8ZTJfzhW2bh2cY65WzmeDde5qB36XUH3zRMH6vU2bw1RYKU34ZpM6V8y4KmPkZ8vo2sqEsiJ4Sb7GqqK6)
    2. 5DE7nGcsNoAGb9k3apRTLxXEjaTqSzA7DpcciutWpaXdjeeha81Gw6QUzMXAVDzVy4iqACQbTpR3heCvVeYwjEWC (https://solscan.io/tx/5DE7nGcsNoAGb9k3apRTLxXEjaTqSzA7DpcciutWpaXdjeeha81Gw6QUzMXAVDzVy4iqACQbTpR3heCvVeYwjEWC)
    3. aXYi1oZaKg61xa6niXekmcFryKTewHPu5dQefjzsLY4m4bgWNMeFhGGkHztjjz2hmUc6ejTjdVJLeaDoi239SnR (https://solscan.io/tx/aXYi1oZaKg61xa6niXekmcFryKTewHPu5dQefjzsLY4m4bgWNMeFhGGkHztjjz2hmUc6ejTjdVJLeaDoi239SnR)
  Tokens found: 27
    1. Chomp (EeeXw2UwM6niF9Q1htXk54erMVhVmVqdu8iB4Sk5pump)
    2. Oligarchy (AH2khvHdk5J5fk44FAEYBjqcDM48PyVhnuJARQBipump)
    3. Chomp (EeeXw2UwM6niF9Q1htXk54erMVhVmVqdu8iB4Sk5pump)
    4. Chomp (EeeXw2UwM6niF9Q1htXk54erMVhVmVqdu8iB4Sk5pump)
    5. Oligarchy (AH2khvHdk5J5fk44FAEYBjqcDM48PyVhnuJARQBipump)
    6. Chomp (EeeXw2UwM6niF9Q1htXk54erMVhVmVqdu8iB4Sk5pump)
    7. Oligarchy (AH2khvHdk5J5fk44FAEYBjqcDM48PyVhnuJARQBipump)
    8. Chomp (EeeXw2UwM6niF9Q1htXk54erMVhVmVqdu8iB4Sk5pump)
    9. Chomp (EeeXw2UwM6niF9Q1htXk54erMVhVmVqdu8iB4Sk5pump)
    10. Oligarchy (AH2khvHdk5J5fk44FAEYBjqcDM48PyVhnuJARQBipump)
    11. Chomp (EeeXw2UwM6niF9Q1htXk54erMVhVmVqdu8iB4Sk5pump)
    12. Oligarchy (AH2khvHdk5J5fk44FAEYBjqcDM48PyVhnuJARQBipump)
    13. phanks (b7BYnMFe74EU55L5xzKqF5PV9cMv1FLj1dWH5PApump)
    14. Fu Zai (HFgGdR2qqSyS2yHy1keb2BFrsZYv7zh7FGeK6Nkgpump)
    15. phanks (b7BYnMFe74EU55L5xzKqF5PV9cMv1FLj1dWH5PApump)
    16. Fu Zai (HFgGdR2qqSyS2yHy1keb2BFrsZYv7zh7FGeK6Nkgpump)
    17. Fu Zai (HFgGdR2qqSyS2yHy1keb2BFrsZYv7zh7FGeK6Nkgpump)
    18. phanks (b7BYnMFe74EU55L5xzKqF5PV9cMv1FLj1dWH5PApump)
    19. Fu Zai (HFgGdR2qqSyS2yHy1keb2BFrsZYv7zh7FGeK6Nkgpump)
    20. phanks (b7BYnMFe74EU55L5xzKqF5PV9cMv1FLj1dWH5PApump)
    21. Fu Zai (HFgGdR2qqSyS2yHy1keb2BFrsZYv7zh7FGeK6Nkgpump)
    22. phanks (b7BYnMFe74EU55L5xzKqF5PV9cMv1FLj1dWH5PApump)
    23. SPL Token (4GUoDg5bsPukgCN8WxVRtvDYoAvhkFkGHWN3aNMXpump)
    24. SPL Token (4GUoDg5bsPukgCN8WxVRtvDYoAvhkFkGHWN3aNMXpump)
    25. SPL Token (4GUoDg5bsPukgCN8WxVRtvDYoAvhkFkGHWN3aNMXpump)
    26. SPL Token (4GUoDg5bsPukgCN8WxVRtvDYoAvhkFkGHWN3aNMXpump)
    27. SPL Token (4GUoDg5bsPukgCN8WxVRtvDYoAvhkFkGHWN3aNMXpump)
[2025-04-11T19:54:01.783Z] Scraping top 10 signatures (1 new out of 10)
  Signatures processed: 1
    1. 5fwQezQXtBhGf3rUPoyEV9fhSeFbVpazHtBtNHs19t7Xj5hvMAupyz2FcdKT36sTPbexVdfEF647oy8xVPQ8JEdP (https://solscan.io/tx/5fwQezQXtBhGf3rUPoyEV9fhSeFbVpazHtBtNHs19t7Xj5hvMAupyz2FcdKT36sTPbexVdfEF647oy8xVPQ8JEdP)
[2025-04-11T19:54:05.207Z] New pump token found: boob
  Tokens found: 1
    1. boob (2RkEzUvxq2jnxQjw1nrLZTSrdZGpZhbXRzDv9nbhpump)
[2025-04-11T19:54:05.212Z] New pump token found: SOLTIX
  Tokens found: 1
    1. SOLTIX (k34eDEXWo8mJvfC6MjVvNGKVXmcjqSVTh17bw7Lpump)
[2025-04-11T19:54:05.777Z] Completed scraping: 2 new tokens found out of 12 total
  Signatures processed: 1
    1. 5fwQezQXtBhGf3rUPoyEV9fhSeFbVpazHtBtNHs19t7Xj5hvMAupyz2FcdKT36sTPbexVdfEF647oy8xVPQ8JEdP (https://solscan.io/tx/5fwQezQXtBhGf3rUPoyEV9fhSeFbVpazHtBtNHs19t7Xj5hvMAupyz2FcdKT36sTPbexVdfEF647oy8xVPQ8JEdP)
  Tokens found: 12
    1. boob (2RkEzUvxq2jnxQjw1nrLZTSrdZGpZhbXRzDv9nbhpump)
    2. SOLTIX (k34eDEXWo8mJvfC6MjVvNGKVXmcjqSVTh17bw7Lpump)
    3. boob (2RkEzUvxq2jnxQjw1nrLZTSrdZGpZhbXRzDv9nbhpump)
    4. boob (2RkEzUvxq2jnxQjw1nrLZTSrdZGpZhbXRzDv9nbhpump)
    5. SOLTIX (k34eDEXWo8mJvfC6MjVvNGKVXmcjqSVTh17bw7Lpump)
    6. SOLTIX (k34eDEXWo8mJvfC6MjVvNGKVXmcjqSVTh17bw7Lpump)
    7. boob (2RkEzUvxq2jnxQjw1nrLZTSrdZGpZhbXRzDv9nbhpump)
    8. boob (2RkEzUvxq2jnxQjw1nrLZTSrdZGpZhbXRzDv9nbhpump)
    9. SOLTIX (k34eDEXWo8mJvfC6MjVvNGKVXmcjqSVTh17bw7Lpump)
    10. boob (2RkEzUvxq2jnxQjw1nrLZTSrdZGpZhbXRzDv9nbhpump)
    11. SOLTIX (k34eDEXWo8mJvfC6MjVvNGKVXmcjqSVTh17bw7Lpump)
    12. boob (2RkEzUvxq2jnxQjw1nrLZTSrdZGpZhbXRzDv9nbhpump)
[2025-04-11T19:54:20.683Z] Scraping top 10 signatures (1 new out of 10)
  Signatures processed: 1
    1. m8bbREesZh5c8ohKSVBqFx1pgZvEMZa5eWUonyBK97m9ySbjrHgLQrqFmjRPfJ7vQ2GmkRJrPt6AZT4EcAMwo9x (https://solscan.io/tx/m8bbREesZh5c8ohKSVBqFx1pgZvEMZa5eWUonyBK97m9ySbjrHgLQrqFmjRPfJ7vQ2GmkRJrPt6AZT4EcAMwo9x)
[2025-04-11T19:54:25.065Z] New pump token found: SCOPE
  Tokens found: 1
    1. SCOPE (GXxGSiRjnMSr5bCWwtgkbu2ZpD9uq2s3k2S8s7tbpump)
[2025-04-11T19:54:25.069Z] New pump token found: HAIR
  Tokens found: 1
    1. HAIR (GzdFBGKXeSLpdMmsy4761iLf6MRSHy7CZEcXGrwkpump)
[2025-04-11T19:54:25.597Z] Completed scraping: 2 new tokens found out of 12 total
  Signatures processed: 1
    1. m8bbREesZh5c8ohKSVBqFx1pgZvEMZa5eWUonyBK97m9ySbjrHgLQrqFmjRPfJ7vQ2GmkRJrPt6AZT4EcAMwo9x (https://solscan.io/tx/m8bbREesZh5c8ohKSVBqFx1pgZvEMZa5eWUonyBK97m9ySbjrHgLQrqFmjRPfJ7vQ2GmkRJrPt6AZT4EcAMwo9x)
  Tokens found: 12
    1. SCOPE (GXxGSiRjnMSr5bCWwtgkbu2ZpD9uq2s3k2S8s7tbpump)
    2. HAIR (GzdFBGKXeSLpdMmsy4761iLf6MRSHy7CZEcXGrwkpump)
    3. SCOPE (GXxGSiRjnMSr5bCWwtgkbu2ZpD9uq2s3k2S8s7tbpump)
    4. SCOPE (GXxGSiRjnMSr5bCWwtgkbu2ZpD9uq2s3k2S8s7tbpump)
    5. HAIR (GzdFBGKXeSLpdMmsy4761iLf6MRSHy7CZEcXGrwkpump)
    6. HAIR (GzdFBGKXeSLpdMmsy4761iLf6MRSHy7CZEcXGrwkpump)
    7. SCOPE (GXxGSiRjnMSr5bCWwtgkbu2ZpD9uq2s3k2S8s7tbpump)
    8. HAIR (GzdFBGKXeSLpdMmsy4761iLf6MRSHy7CZEcXGrwkpump)
    9. HAIR (GzdFBGKXeSLpdMmsy4761iLf6MRSHy7CZEcXGrwkpump)
    10. SCOPE (GXxGSiRjnMSr5bCWwtgkbu2ZpD9uq2s3k2S8s7tbpump)
    11. SCOPE (GXxGSiRjnMSr5bCWwtgkbu2ZpD9uq2s3k2S8s7tbpump)
    12. SCOPE (GXxGSiRjnMSr5bCWwtgkbu2ZpD9uq2s3k2S8s7tbpump)
[2025-04-11T19:54:39.708Z] Scraping top 10 signatures (1 new out of 10)
  Signatures processed: 1
    1. 5uXY7agTfFTkk94hUfrpsQ9SJY4NuYPDywpHefjhwLpRAZ3YbLeADX4FvgQTAZ21N2vaEjpq7rYkp31h2Tmb8f5F (https://solscan.io/tx/5uXY7agTfFTkk94hUfrpsQ9SJY4NuYPDywpHefjhwLpRAZ3YbLeADX4FvgQTAZ21N2vaEjpq7rYkp31h2Tmb8f5F)
[2025-04-11T19:54:57.025Z] New pump token found: Land
  Tokens found: 1
    1. Land (J9tBGFgTnpkVWPEwtHMwLqxUNFMXQakZXLQUP5y5pump)
[2025-04-11T19:54:57.030Z] New pump token found: RAM
  Tokens found: 1
    1. RAM (4yPkcpzazKvuKxGbt4kCdg7R2yvpX9gE4b7uctdfpump)
[2025-04-11T19:54:57.569Z] Completed scraping: 2 new tokens found out of 10 total
  Signatures processed: 1
    1. 5uXY7agTfFTkk94hUfrpsQ9SJY4NuYPDywpHefjhwLpRAZ3YbLeADX4FvgQTAZ21N2vaEjpq7rYkp31h2Tmb8f5F (https://solscan.io/tx/5uXY7agTfFTkk94hUfrpsQ9SJY4NuYPDywpHefjhwLpRAZ3YbLeADX4FvgQTAZ21N2vaEjpq7rYkp31h2Tmb8f5F)
  Tokens found: 10
    1. Land (J9tBGFgTnpkVWPEwtHMwLqxUNFMXQakZXLQUP5y5pump)
    2. RAM (4yPkcpzazKvuKxGbt4kCdg7R2yvpX9gE4b7uctdfpump)
    3. Land (J9tBGFgTnpkVWPEwtHMwLqxUNFMXQakZXLQUP5y5pump)
    4. RAM (4yPkcpzazKvuKxGbt4kCdg7R2yvpX9gE4b7uctdfpump)
    5. RAM (4yPkcpzazKvuKxGbt4kCdg7R2yvpX9gE4b7uctdfpump)
    6. Land (J9tBGFgTnpkVWPEwtHMwLqxUNFMXQakZXLQUP5y5pump)
    7. Land (J9tBGFgTnpkVWPEwtHMwLqxUNFMXQakZXLQUP5y5pump)
    8. RAM (4yPkcpzazKvuKxGbt4kCdg7R2yvpX9gE4b7uctdfpump)
    9. RAM (4yPkcpzazKvuKxGbt4kCdg7R2yvpX9gE4b7uctdfpump)
    10. Land (J9tBGFgTnpkVWPEwtHMwLqxUNFMXQakZXLQUP5y5pump)
[2025-04-11T19:55:12.148Z] Scraping top 10 signatures (2 new out of 10)
  Signatures processed: 2
    1. kbuosghDNohEjSTabQjQWhtx1graHeEojeXeyASkERHguRroy9duBfq4bZCdKj5swX41SLsMLdrQjbiTT5qjeFP (https://solscan.io/tx/kbuosghDNohEjSTabQjQWhtx1graHeEojeXeyASkERHguRroy9duBfq4bZCdKj5swX41SLsMLdrQjbiTT5qjeFP)
    2. 3RNhVfF4CA6aJmaD8Nr7qmh7ACpUemYfMtFUnWPPaVJyY9o5BzuFfXZmrPQpyu9YxpmkMci2iFPr4quNtUtiY6bS (https://solscan.io/tx/3RNhVfF4CA6aJmaD8Nr7qmh7ACpUemYfMtFUnWPPaVJyY9o5BzuFfXZmrPQpyu9YxpmkMci2iFPr4quNtUtiY6bS)
[2025-04-11T19:55:16.401Z] New pump token found: SPL Token
  Tokens found: 1
    1. SPL Token (9QcgTDzniL3cmEA2yhQVqVDwdD4GrdtVGHMpQaThpump)
[2025-04-11T19:55:26.093Z] New pump token found: Chomp
  Tokens found: 1
    1. Chomp (EeeXw2UwM6niF9Q1htXk54erMVhVmVqdu8iB4Sk5pump)
[2025-04-11T19:55:26.095Z] New pump token found: WOP
  Tokens found: 1
    1. WOP (ExLbFtca8BuEHRTVUjsSBq14jJVqDP4csS17GAbYpump)
[2025-04-11T19:55:26.705Z] Completed scraping: 3 new tokens found out of 17 total
  Signatures processed: 2
    1. kbuosghDNohEjSTabQjQWhtx1graHeEojeXeyASkERHguRroy9duBfq4bZCdKj5swX41SLsMLdrQjbiTT5qjeFP (https://solscan.io/tx/kbuosghDNohEjSTabQjQWhtx1graHeEojeXeyASkERHguRroy9duBfq4bZCdKj5swX41SLsMLdrQjbiTT5qjeFP)
    2. 3RNhVfF4CA6aJmaD8Nr7qmh7ACpUemYfMtFUnWPPaVJyY9o5BzuFfXZmrPQpyu9YxpmkMci2iFPr4quNtUtiY6bS (https://solscan.io/tx/3RNhVfF4CA6aJmaD8Nr7qmh7ACpUemYfMtFUnWPPaVJyY9o5BzuFfXZmrPQpyu9YxpmkMci2iFPr4quNtUtiY6bS)
  Tokens found: 17
    1. SPL Token (9QcgTDzniL3cmEA2yhQVqVDwdD4GrdtVGHMpQaThpump)
    2. SPL Token (9QcgTDzniL3cmEA2yhQVqVDwdD4GrdtVGHMpQaThpump)
    3. SPL Token (9QcgTDzniL3cmEA2yhQVqVDwdD4GrdtVGHMpQaThpump)
    4. SPL Token (9QcgTDzniL3cmEA2yhQVqVDwdD4GrdtVGHMpQaThpump)
    5. SPL Token (9QcgTDzniL3cmEA2yhQVqVDwdD4GrdtVGHMpQaThpump)
    6. Chomp (EeeXw2UwM6niF9Q1htXk54erMVhVmVqdu8iB4Sk5pump)
    7. WOP (ExLbFtca8BuEHRTVUjsSBq14jJVqDP4csS17GAbYpump)
    8. Chomp (EeeXw2UwM6niF9Q1htXk54erMVhVmVqdu8iB4Sk5pump)
    9. WOP (ExLbFtca8BuEHRTVUjsSBq14jJVqDP4csS17GAbYpump)
    10. WOP (ExLbFtca8BuEHRTVUjsSBq14jJVqDP4csS17GAbYpump)
    11. Chomp (EeeXw2UwM6niF9Q1htXk54erMVhVmVqdu8iB4Sk5pump)
    12. WOP (ExLbFtca8BuEHRTVUjsSBq14jJVqDP4csS17GAbYpump)
    13. Chomp (EeeXw2UwM6niF9Q1htXk54erMVhVmVqdu8iB4Sk5pump)
    14. WOP (ExLbFtca8BuEHRTVUjsSBq14jJVqDP4csS17GAbYpump)
    15. WOP (ExLbFtca8BuEHRTVUjsSBq14jJVqDP4csS17GAbYpump)
    16. Chomp (EeeXw2UwM6niF9Q1htXk54erMVhVmVqdu8iB4Sk5pump)
    17. WOP (ExLbFtca8BuEHRTVUjsSBq14jJVqDP4csS17GAbYpump)
[2025-04-11T19:55:41.931Z] Scraping top 10 signatures (4 new out of 10)
  Signatures processed: 4
    1. 2AZqRphPXsTuUUiWjgF8ZExTMdd9uwowAMqcGzvnD73eLTcMJu9bV4p4WTqZYUy9uS7yy44PTpmAmzQ5s4pVMZC9 (https://solscan.io/tx/2AZqRphPXsTuUUiWjgF8ZExTMdd9uwowAMqcGzvnD73eLTcMJu9bV4p4WTqZYUy9uS7yy44PTpmAmzQ5s4pVMZC9)
    2. 59MEKmb8rBpQbkno2E7akdNL4YorPwKP6Hi96NuXwpjXxcS4qGYTNA7gSW6tGEfMaeUk8bZ2ZQ5pBpger2VNKi51 (https://solscan.io/tx/59MEKmb8rBpQbkno2E7akdNL4YorPwKP6Hi96NuXwpjXxcS4qGYTNA7gSW6tGEfMaeUk8bZ2ZQ5pBpger2VNKi51)
    3. YRE2PP36qoy9N8ux8H4PtHEQXp8PmpkVMfpJtL5xVYFeaYNZXJvWAtssL3eNUj1jEYo4FPGS8DeDgXXZKDQKky7 (https://solscan.io/tx/YRE2PP36qoy9N8ux8H4PtHEQXp8PmpkVMfpJtL5xVYFeaYNZXJvWAtssL3eNUj1jEYo4FPGS8DeDgXXZKDQKky7)
    4. 4q7y48NT2DtS9fyUkb3okA7ti4F4R5muqmF39PhdgxRcbvDjbSdy5mx9YFGpXM2eqEKSRQE7HF3YYX64BNNrDbJV (https://solscan.io/tx/4q7y48NT2DtS9fyUkb3okA7ti4F4R5muqmF39PhdgxRcbvDjbSdy5mx9YFGpXM2eqEKSRQE7HF3YYX64BNNrDbJV)
[2025-04-11T19:55:47.101Z] New pump token found: crayon
  Tokens found: 1
    1. crayon (AVmQwiVBEXvZet5DZJu5oRbERg25pD5zuAW1u9qGpump)
[2025-04-11T19:55:47.111Z] New pump token found: HAIR
  Tokens found: 1
    1. HAIR (GzdFBGKXeSLpdMmsy4761iLf6MRSHy7CZEcXGrwkpump)
[2025-04-11T19:55:51.261Z] New pump token found: 420M
  Tokens found: 1
    1. 420M (7SyppZXmyBtELy6otM5gmg8jnnymLMDoU8xcPyAcpump)
[2025-04-11T19:55:55.647Z] New pump token found: Grok
  Tokens found: 1
    1. Grok (6mmEpBUYdfNdWN4nByn1uuN7pry5SZKsaBp3Ea23pump)
[2025-04-11T19:55:55.652Z] New pump token found: SPL Token
  Tokens found: 1
    1. SPL Token (CT8ZUvPHjEivsEmQ7iEjJEBvJhH38BtTDzngawqKpump)
[2025-04-11T19:55:58.669Z] New pump token found: PINK
  Tokens found: 1
    1. PINK (A5rdU18CyTf9NbGAJc9tqFP5CTkn6F4HNyDxMRzEpump)
[2025-04-11T19:55:58.672Z] New pump token found: Grimace
  Tokens found: 1
    1. Grimace (5qnUfJL8yKEr4CJHKj97cwo29qst3GpD8gEpqf16pump)
[2025-04-11T19:55:59.263Z] Completed scraping: 7 new tokens found out of 42 total
  Signatures processed: 4
    1. 2AZqRphPXsTuUUiWjgF8ZExTMdd9uwowAMqcGzvnD73eLTcMJu9bV4p4WTqZYUy9uS7yy44PTpmAmzQ5s4pVMZC9 (https://solscan.io/tx/2AZqRphPXsTuUUiWjgF8ZExTMdd9uwowAMqcGzvnD73eLTcMJu9bV4p4WTqZYUy9uS7yy44PTpmAmzQ5s4pVMZC9)
    2. 59MEKmb8rBpQbkno2E7akdNL4YorPwKP6Hi96NuXwpjXxcS4qGYTNA7gSW6tGEfMaeUk8bZ2ZQ5pBpger2VNKi51 (https://solscan.io/tx/59MEKmb8rBpQbkno2E7akdNL4YorPwKP6Hi96NuXwpjXxcS4qGYTNA7gSW6tGEfMaeUk8bZ2ZQ5pBpger2VNKi51)
    3. YRE2PP36qoy9N8ux8H4PtHEQXp8PmpkVMfpJtL5xVYFeaYNZXJvWAtssL3eNUj1jEYo4FPGS8DeDgXXZKDQKky7 (https://solscan.io/tx/YRE2PP36qoy9N8ux8H4PtHEQXp8PmpkVMfpJtL5xVYFeaYNZXJvWAtssL3eNUj1jEYo4FPGS8DeDgXXZKDQKky7)
    4. 4q7y48NT2DtS9fyUkb3okA7ti4F4R5muqmF39PhdgxRcbvDjbSdy5mx9YFGpXM2eqEKSRQE7HF3YYX64BNNrDbJV (https://solscan.io/tx/4q7y48NT2DtS9fyUkb3okA7ti4F4R5muqmF39PhdgxRcbvDjbSdy5mx9YFGpXM2eqEKSRQE7HF3YYX64BNNrDbJV)
  Tokens found: 42
    1. crayon (AVmQwiVBEXvZet5DZJu5oRbERg25pD5zuAW1u9qGpump)
    2. HAIR (GzdFBGKXeSLpdMmsy4761iLf6MRSHy7CZEcXGrwkpump)
    3. crayon (AVmQwiVBEXvZet5DZJu5oRbERg25pD5zuAW1u9qGpump)
    4. crayon (AVmQwiVBEXvZet5DZJu5oRbERg25pD5zuAW1u9qGpump)
    5. HAIR (GzdFBGKXeSLpdMmsy4761iLf6MRSHy7CZEcXGrwkpump)
    6. HAIR (GzdFBGKXeSLpdMmsy4761iLf6MRSHy7CZEcXGrwkpump)
    7. crayon (AVmQwiVBEXvZet5DZJu5oRbERg25pD5zuAW1u9qGpump)
    8. HAIR (GzdFBGKXeSLpdMmsy4761iLf6MRSHy7CZEcXGrwkpump)
    9. crayon (AVmQwiVBEXvZet5DZJu5oRbERg25pD5zuAW1u9qGpump)
    10. HAIR (GzdFBGKXeSLpdMmsy4761iLf6MRSHy7CZEcXGrwkpump)
    11. crayon (AVmQwiVBEXvZet5DZJu5oRbERg25pD5zuAW1u9qGpump)
    12. crayon (AVmQwiVBEXvZet5DZJu5oRbERg25pD5zuAW1u9qGpump)
    13. 420M (7SyppZXmyBtELy6otM5gmg8jnnymLMDoU8xcPyAcpump)
    14. 420M (7SyppZXmyBtELy6otM5gmg8jnnymLMDoU8xcPyAcpump)
    15. 420M (7SyppZXmyBtELy6otM5gmg8jnnymLMDoU8xcPyAcpump)
    16. 420M (7SyppZXmyBtELy6otM5gmg8jnnymLMDoU8xcPyAcpump)
    17. 420M (7SyppZXmyBtELy6otM5gmg8jnnymLMDoU8xcPyAcpump)
    18. 420M (7SyppZXmyBtELy6otM5gmg8jnnymLMDoU8xcPyAcpump)
    19. Grok (6mmEpBUYdfNdWN4nByn1uuN7pry5SZKsaBp3Ea23pump)
    20. SPL Token (CT8ZUvPHjEivsEmQ7iEjJEBvJhH38BtTDzngawqKpump)
    21. Grok (6mmEpBUYdfNdWN4nByn1uuN7pry5SZKsaBp3Ea23pump)
    22. Grok (6mmEpBUYdfNdWN4nByn1uuN7pry5SZKsaBp3Ea23pump)
    23. SPL Token (CT8ZUvPHjEivsEmQ7iEjJEBvJhH38BtTDzngawqKpump)
    24. SPL Token (CT8ZUvPHjEivsEmQ7iEjJEBvJhH38BtTDzngawqKpump)
    25. Grok (6mmEpBUYdfNdWN4nByn1uuN7pry5SZKsaBp3Ea23pump)
    26. Grok (6mmEpBUYdfNdWN4nByn1uuN7pry5SZKsaBp3Ea23pump)
    27. SPL Token (CT8ZUvPHjEivsEmQ7iEjJEBvJhH38BtTDzngawqKpump)
    28. SPL Token (CT8ZUvPHjEivsEmQ7iEjJEBvJhH38BtTDzngawqKpump)
    29. Grok (6mmEpBUYdfNdWN4nByn1uuN7pry5SZKsaBp3Ea23pump)
    30. Grok (6mmEpBUYdfNdWN4nByn1uuN7pry5SZKsaBp3Ea23pump)
    31. PINK (A5rdU18CyTf9NbGAJc9tqFP5CTkn6F4HNyDxMRzEpump)
    32. Grimace (5qnUfJL8yKEr4CJHKj97cwo29qst3GpD8gEpqf16pump)
    33. PINK (A5rdU18CyTf9NbGAJc9tqFP5CTkn6F4HNyDxMRzEpump)
    34. PINK (A5rdU18CyTf9NbGAJc9tqFP5CTkn6F4HNyDxMRzEpump)
    35. Grimace (5qnUfJL8yKEr4CJHKj97cwo29qst3GpD8gEpqf16pump)
    36. PINK (A5rdU18CyTf9NbGAJc9tqFP5CTkn6F4HNyDxMRzEpump)
    37. Grimace (5qnUfJL8yKEr4CJHKj97cwo29qst3GpD8gEpqf16pump)
    38. PINK (A5rdU18CyTf9NbGAJc9tqFP5CTkn6F4HNyDxMRzEpump)
    39. PINK (A5rdU18CyTf9NbGAJc9tqFP5CTkn6F4HNyDxMRzEpump)
    40. PINK (A5rdU18CyTf9NbGAJc9tqFP5CTkn6F4HNyDxMRzEpump)
    41. Grimace (5qnUfJL8yKEr4CJHKj97cwo29qst3GpD8gEpqf16pump)
    42. Grimace (5qnUfJL8yKEr4CJHKj97cwo29qst3GpD8gEpqf16pump)
[2025-04-11T19:56:15.311Z] Scraping top 10 signatures (0 new out of 10)
[2025-04-11T19:56:58.569Z] Scraping top 10 signatures (4 new out of 10)
  Signatures processed: 4
    1. 2TdM3KdBoLfW9iNvaMpTiF5my3keL3iQsExQ4pERCGduKSb3cp9dt4Vf5Nq4PUcYspZAXyreqd8ALK43s3tkYZWJ (https://solscan.io/tx/2TdM3KdBoLfW9iNvaMpTiF5my3keL3iQsExQ4pERCGduKSb3cp9dt4Vf5Nq4PUcYspZAXyreqd8ALK43s3tkYZWJ)
    2. 2i1kvCGtxq4azGZyw8o5GWwBd8thgrr19ov1XiHV9YwTigJpPUTQ3SXTX7sqTA8wG1rywURUznm9xPh1Yqj1PHes (https://solscan.io/tx/2i1kvCGtxq4azGZyw8o5GWwBd8thgrr19ov1XiHV9YwTigJpPUTQ3SXTX7sqTA8wG1rywURUznm9xPh1Yqj1PHes)
    3. 5Ls2RaMbWci7U4QWPytq6Ez3aS7iU8y5zWWGsx8nJKt8zLsSL3CF5qEWdS7C1J1S9V4mBSZJTzuknUv7VeZn9pzz (https://solscan.io/tx/5Ls2RaMbWci7U4QWPytq6Ez3aS7iU8y5zWWGsx8nJKt8zLsSL3CF5qEWdS7C1J1S9V4mBSZJTzuknUv7VeZn9pzz)
    4. 3tKD9vmdLcXr4MvAjn3V5uQhfpvwbM761r6sXRDrLtttJ5XhS4fhh2Jt2qa8k769G6QYUaaT9rrU92eEia4ejovA (https://solscan.io/tx/3tKD9vmdLcXr4MvAjn3V5uQhfpvwbM761r6sXRDrLtttJ5XhS4fhh2Jt2qa8k769G6QYUaaT9rrU92eEia4ejovA)
[2025-04-11T19:57:24.505Z] New pump token found: Chomp
  Tokens found: 1
    1. Chomp (EeeXw2UwM6niF9Q1htXk54erMVhVmVqdu8iB4Sk5pump)
[2025-04-11T19:57:24.528Z] New pump token found: KATYMOON
  Tokens found: 1
    1. KATYMOON (DfpCpfFmNVuuy9mxNbvwQnA8nzhXUo6QEuw5PVFypump)
[2025-04-11T19:57:28.227Z] New pump token found: PINK
  Tokens found: 1
    1. PINK (A5rdU18CyTf9NbGAJc9tqFP5CTkn6F4HNyDxMRzEpump)
[2025-04-11T19:57:28.244Z] New pump token found: CHINAWOOD
  Tokens found: 1
    1. CHINAWOOD (4qbPnLNscHEGovzJXaHUxMKs6XBg2HGVUhEuMAqwpump)
[2025-04-11T19:57:43.438Z] New pump token found: monster
  Tokens found: 1
    1. monster (6F33geZQnh7qp8mwbb9vJTGP9ShqjiH3Nk8Fk9bnpump)
[2025-04-11T19:57:43.466Z] New pump token found: TRAPMAN
  Tokens found: 1
    1. TRAPMAN (2keMYYDadht6tLpYjQELbJSUyM3dVE94RVJDAZyFpump)
[2025-04-11T19:57:48.363Z] New pump token found: AISLOP
  Tokens found: 1
    1. AISLOP (2wzVMXhLypmP92mXNCq4fuFcd9TCC972AbMfuiH3pump)
[2025-04-11T19:57:49.232Z] New pump token found: DeFi
  Tokens found: 1
    1. DeFi (8usJHdAQBCmdGgKqTrXR7b5Fs4WnZ9roexBZw1rYpump)
[2025-04-11T19:57:52.061Z] Completed scraping: 8 new tokens found out of 46 total
  Signatures processed: 4
    1. 2TdM3KdBoLfW9iNvaMpTiF5my3keL3iQsExQ4pERCGduKSb3cp9dt4Vf5Nq4PUcYspZAXyreqd8ALK43s3tkYZWJ (https://solscan.io/tx/2TdM3KdBoLfW9iNvaMpTiF5my3keL3iQsExQ4pERCGduKSb3cp9dt4Vf5Nq4PUcYspZAXyreqd8ALK43s3tkYZWJ)
    2. 2i1kvCGtxq4azGZyw8o5GWwBd8thgrr19ov1XiHV9YwTigJpPUTQ3SXTX7sqTA8wG1rywURUznm9xPh1Yqj1PHes (https://solscan.io/tx/2i1kvCGtxq4azGZyw8o5GWwBd8thgrr19ov1XiHV9YwTigJpPUTQ3SXTX7sqTA8wG1rywURUznm9xPh1Yqj1PHes)
    3. 5Ls2RaMbWci7U4QWPytq6Ez3aS7iU8y5zWWGsx8nJKt8zLsSL3CF5qEWdS7C1J1S9V4mBSZJTzuknUv7VeZn9pzz (https://solscan.io/tx/5Ls2RaMbWci7U4QWPytq6Ez3aS7iU8y5zWWGsx8nJKt8zLsSL3CF5qEWdS7C1J1S9V4mBSZJTzuknUv7VeZn9pzz)
    4. 3tKD9vmdLcXr4MvAjn3V5uQhfpvwbM761r6sXRDrLtttJ5XhS4fhh2Jt2qa8k769G6QYUaaT9rrU92eEia4ejovA (https://solscan.io/tx/3tKD9vmdLcXr4MvAjn3V5uQhfpvwbM761r6sXRDrLtttJ5XhS4fhh2Jt2qa8k769G6QYUaaT9rrU92eEia4ejovA)
  Tokens found: 46
    1. Chomp (EeeXw2UwM6niF9Q1htXk54erMVhVmVqdu8iB4Sk5pump)
    2. KATYMOON (DfpCpfFmNVuuy9mxNbvwQnA8nzhXUo6QEuw5PVFypump)
    3. Chomp (EeeXw2UwM6niF9Q1htXk54erMVhVmVqdu8iB4Sk5pump)
    4. KATYMOON (DfpCpfFmNVuuy9mxNbvwQnA8nzhXUo6QEuw5PVFypump)
    5. KATYMOON (DfpCpfFmNVuuy9mxNbvwQnA8nzhXUo6QEuw5PVFypump)
    6. Chomp (EeeXw2UwM6niF9Q1htXk54erMVhVmVqdu8iB4Sk5pump)
    7. KATYMOON (DfpCpfFmNVuuy9mxNbvwQnA8nzhXUo6QEuw5PVFypump)
    8. KATYMOON (DfpCpfFmNVuuy9mxNbvwQnA8nzhXUo6QEuw5PVFypump)
    9. KATYMOON (DfpCpfFmNVuuy9mxNbvwQnA8nzhXUo6QEuw5PVFypump)
    10. Chomp (EeeXw2UwM6niF9Q1htXk54erMVhVmVqdu8iB4Sk5pump)
    11. Chomp (EeeXw2UwM6niF9Q1htXk54erMVhVmVqdu8iB4Sk5pump)
    12. KATYMOON (DfpCpfFmNVuuy9mxNbvwQnA8nzhXUo6QEuw5PVFypump)
    13. PINK (A5rdU18CyTf9NbGAJc9tqFP5CTkn6F4HNyDxMRzEpump)
    14. CHINAWOOD (4qbPnLNscHEGovzJXaHUxMKs6XBg2HGVUhEuMAqwpump)
    15. PINK (A5rdU18CyTf9NbGAJc9tqFP5CTkn6F4HNyDxMRzEpump)
    16. CHINAWOOD (4qbPnLNscHEGovzJXaHUxMKs6XBg2HGVUhEuMAqwpump)
    17. CHINAWOOD (4qbPnLNscHEGovzJXaHUxMKs6XBg2HGVUhEuMAqwpump)
    18. PINK (A5rdU18CyTf9NbGAJc9tqFP5CTkn6F4HNyDxMRzEpump)
    19. CHINAWOOD (4qbPnLNscHEGovzJXaHUxMKs6XBg2HGVUhEuMAqwpump)
    20. CHINAWOOD (4qbPnLNscHEGovzJXaHUxMKs6XBg2HGVUhEuMAqwpump)
    21. PINK (A5rdU18CyTf9NbGAJc9tqFP5CTkn6F4HNyDxMRzEpump)
    22. CHINAWOOD (4qbPnLNscHEGovzJXaHUxMKs6XBg2HGVUhEuMAqwpump)
    23. PINK (A5rdU18CyTf9NbGAJc9tqFP5CTkn6F4HNyDxMRzEpump)
    24. CHINAWOOD (4qbPnLNscHEGovzJXaHUxMKs6XBg2HGVUhEuMAqwpump)
    25. monster (6F33geZQnh7qp8mwbb9vJTGP9ShqjiH3Nk8Fk9bnpump)
    26. TRAPMAN (2keMYYDadht6tLpYjQELbJSUyM3dVE94RVJDAZyFpump)
    27. monster (6F33geZQnh7qp8mwbb9vJTGP9ShqjiH3Nk8Fk9bnpump)
    28. TRAPMAN (2keMYYDadht6tLpYjQELbJSUyM3dVE94RVJDAZyFpump)
    29. TRAPMAN (2keMYYDadht6tLpYjQELbJSUyM3dVE94RVJDAZyFpump)
    30. monster (6F33geZQnh7qp8mwbb9vJTGP9ShqjiH3Nk8Fk9bnpump)
    31. TRAPMAN (2keMYYDadht6tLpYjQELbJSUyM3dVE94RVJDAZyFpump)
    32. TRAPMAN (2keMYYDadht6tLpYjQELbJSUyM3dVE94RVJDAZyFpump)
    33. TRAPMAN (2keMYYDadht6tLpYjQELbJSUyM3dVE94RVJDAZyFpump)
    34. monster (6F33geZQnh7qp8mwbb9vJTGP9ShqjiH3Nk8Fk9bnpump)
    35. monster (6F33geZQnh7qp8mwbb9vJTGP9ShqjiH3Nk8Fk9bnpump)
    36. TRAPMAN (2keMYYDadht6tLpYjQELbJSUyM3dVE94RVJDAZyFpump)
    37. AISLOP (2wzVMXhLypmP92mXNCq4fuFcd9TCC972AbMfuiH3pump)
    38. DeFi (8usJHdAQBCmdGgKqTrXR7b5Fs4WnZ9roexBZw1rYpump)
    39. AISLOP (2wzVMXhLypmP92mXNCq4fuFcd9TCC972AbMfuiH3pump)
    40. DeFi (8usJHdAQBCmdGgKqTrXR7b5Fs4WnZ9roexBZw1rYpump)
    41. DeFi (8usJHdAQBCmdGgKqTrXR7b5Fs4WnZ9roexBZw1rYpump)
    42. AISLOP (2wzVMXhLypmP92mXNCq4fuFcd9TCC972AbMfuiH3pump)
    43. DeFi (8usJHdAQBCmdGgKqTrXR7b5Fs4WnZ9roexBZw1rYpump)
    44. AISLOP (2wzVMXhLypmP92mXNCq4fuFcd9TCC972AbMfuiH3pump)
    45. DeFi (8usJHdAQBCmdGgKqTrXR7b5Fs4WnZ9roexBZw1rYpump)
    46. AISLOP (2wzVMXhLypmP92mXNCq4fuFcd9TCC972AbMfuiH3pump)
[2025-04-11T19:58:09.751Z] Scraping top 10 signatures (8 new out of 10)
  Signatures processed: 8
    1. 4LkEdgzPTNPtyKHPsvQbnpcqwbXToC1JYoFyvHc3m8DjkrJNWLLRUKgSzZ3Ym7ThMKsB79UtPAqr5jXzHBGMLfok (https://solscan.io/tx/4LkEdgzPTNPtyKHPsvQbnpcqwbXToC1JYoFyvHc3m8DjkrJNWLLRUKgSzZ3Ym7ThMKsB79UtPAqr5jXzHBGMLfok)
    2. NHuKwyfwmVKXdNcxrkpcbSwJHDVCE1Wf7nvnVyZzFU5PHgTnMpJCpw7qP3N3taQq7YBincjY8AozKJ5HynPfKzc (https://solscan.io/tx/NHuKwyfwmVKXdNcxrkpcbSwJHDVCE1Wf7nvnVyZzFU5PHgTnMpJCpw7qP3N3taQq7YBincjY8AozKJ5HynPfKzc)
    3. 47ziGrX9yyDDxE86QwKjzBuH2ManTyGEMLnaXXsLzgsEk24miiP5unt5ZGxv1njUKu1nGVKCmczu6z2UgwaFK5hX (https://solscan.io/tx/47ziGrX9yyDDxE86QwKjzBuH2ManTyGEMLnaXXsLzgsEk24miiP5unt5ZGxv1njUKu1nGVKCmczu6z2UgwaFK5hX)
    4. 2UtxdviAqqgMhTsNZ3Wx8L1K3N17vxXGv18MdtGtfvnuPF5do6Stnx77d2uFiBX29eoWgZPwMa2EV6hN1oFkL4Co (https://solscan.io/tx/2UtxdviAqqgMhTsNZ3Wx8L1K3N17vxXGv18MdtGtfvnuPF5do6Stnx77d2uFiBX29eoWgZPwMa2EV6hN1oFkL4Co)
    5. 2PvhNvc7j6sAkKWUfPChz36wFwUUtgXCneDE7cKnxcpv7zzzcv3stSNTc8f9wtycSTevUmjv8Tuiehh1xauDsEFu (https://solscan.io/tx/2PvhNvc7j6sAkKWUfPChz36wFwUUtgXCneDE7cKnxcpv7zzzcv3stSNTc8f9wtycSTevUmjv8Tuiehh1xauDsEFu)
    6. ckSv2xsYXQRWn8z39vcL9cXNGthhWLxAmKEDEop8HB4Qb81F5Nh26rHdRKz4EPFdWt9SSxHuxBmyFLheMvYasrm (https://solscan.io/tx/ckSv2xsYXQRWn8z39vcL9cXNGthhWLxAmKEDEop8HB4Qb81F5Nh26rHdRKz4EPFdWt9SSxHuxBmyFLheMvYasrm)
    7. FiWsBr2EUHRuSWNEUiQ7jFGnFQ1tQkmKV7zLjLUg9hGKE8xDzoMepNJvt6BrVy7Tz5HptCmXUvFyC6aQbHP3kdY (https://solscan.io/tx/FiWsBr2EUHRuSWNEUiQ7jFGnFQ1tQkmKV7zLjLUg9hGKE8xDzoMepNJvt6BrVy7Tz5HptCmXUvFyC6aQbHP3kdY)
    8. sRNYWPee7hB7vWEULE19qRAp4FfBMzMzwnPc4myDvjZv5riXzA1wzk2Tf2WRK9CLyFRzg3KfnaNwNDQ7a9id64p (https://solscan.io/tx/sRNYWPee7hB7vWEULE19qRAp4FfBMzMzwnPc4myDvjZv5riXzA1wzk2Tf2WRK9CLyFRzg3KfnaNwNDQ7a9id64p)
[2025-04-11T19:58:13.011Z] New pump token found: SCOPE
  Tokens found: 1
    1. SCOPE (GXxGSiRjnMSr5bCWwtgkbu2ZpD9uq2s3k2S8s7tbpump)
[2025-04-11T19:58:13.033Z] New pump token found: HAIR
  Tokens found: 1
    1. HAIR (GzdFBGKXeSLpdMmsy4761iLf6MRSHy7CZEcXGrwkpump)
[2025-04-11T19:58:17.911Z] New pump token found: HAIR
  Tokens found: 1
    1. HAIR (GzdFBGKXeSLpdMmsy4761iLf6MRSHy7CZEcXGrwkpump)
[2025-04-11T19:58:17.914Z] New pump token found: ideal
  Tokens found: 1
    1. ideal (63fYtXQW6TKcG6zbHN2BxHjAoYkjDPr8JmPne4zqpump)
[2025-04-11T19:58:24.198Z] New pump token found: NOOO
  Tokens found: 1
    1. NOOO (9NCRjZmqkx2MSgRgQocKNM6NvCkJj3TRJJZ9SLqipump)
[2025-04-11T19:58:24.209Z] New pump token found: SPL Token
  Tokens found: 1
    1. SPL Token (4VXTiwEZEB7MDMVHg7RfzBJ61fXjmcxVEDW2QjWXpump)
[2025-04-11T19:58:27.460Z] New pump token found: DSPD
  Tokens found: 1
    1. DSPD (TEtv9gav3Z5hEonjRkfvYg8pmX7SsEsTe6nrbUUpump)
[2025-04-11T19:58:31.002Z] New pump token found: TNL
  Tokens found: 1
    1. TNL (AnZAUarquWTDvCyb2UHUBKZHgBQAwNCJYCUVAdCupump)
[2025-04-11T19:58:44.198Z] New pump token found: SPL Token
  Tokens found: 1
    1. SPL Token (GaSPnL3ZDVf47TXFwuKPD9Mh8YFXw4aXA6xtnf5Tpump)
[2025-04-11T19:58:44.213Z] New pump token found: AuFi
  Tokens found: 1
    1. AuFi (9XcYzq5UjZZVtbDbdBReNUNwW7tGyAUruoDEv1LHpump)
[2025-04-11T19:58:49.015Z] New pump token found: HAIR
  Tokens found: 1
    1. HAIR (GzdFBGKXeSLpdMmsy4761iLf6MRSHy7CZEcXGrwkpump)
[2025-04-11T19:58:55.192Z] New pump token found: X
  Tokens found: 1
    1. X (4GUoDg5bsPukgCN8WxVRtvDYoAvhkFkGHWN3aNMXpump)
[2025-04-11T19:58:57.093Z] Completed scraping: 12 new tokens found out of 68 total
  Signatures processed: 8
    1. 4LkEdgzPTNPtyKHPsvQbnpcqwbXToC1JYoFyvHc3m8DjkrJNWLLRUKgSzZ3Ym7ThMKsB79UtPAqr5jXzHBGMLfok (https://solscan.io/tx/4LkEdgzPTNPtyKHPsvQbnpcqwbXToC1JYoFyvHc3m8DjkrJNWLLRUKgSzZ3Ym7ThMKsB79UtPAqr5jXzHBGMLfok)
    2. NHuKwyfwmVKXdNcxrkpcbSwJHDVCE1Wf7nvnVyZzFU5PHgTnMpJCpw7qP3N3taQq7YBincjY8AozKJ5HynPfKzc (https://solscan.io/tx/NHuKwyfwmVKXdNcxrkpcbSwJHDVCE1Wf7nvnVyZzFU5PHgTnMpJCpw7qP3N3taQq7YBincjY8AozKJ5HynPfKzc)
    3. 47ziGrX9yyDDxE86QwKjzBuH2ManTyGEMLnaXXsLzgsEk24miiP5unt5ZGxv1njUKu1nGVKCmczu6z2UgwaFK5hX (https://solscan.io/tx/47ziGrX9yyDDxE86QwKjzBuH2ManTyGEMLnaXXsLzgsEk24miiP5unt5ZGxv1njUKu1nGVKCmczu6z2UgwaFK5hX)
    4. 2UtxdviAqqgMhTsNZ3Wx8L1K3N17vxXGv18MdtGtfvnuPF5do6Stnx77d2uFiBX29eoWgZPwMa2EV6hN1oFkL4Co (https://solscan.io/tx/2UtxdviAqqgMhTsNZ3Wx8L1K3N17vxXGv18MdtGtfvnuPF5do6Stnx77d2uFiBX29eoWgZPwMa2EV6hN1oFkL4Co)
    5. 2PvhNvc7j6sAkKWUfPChz36wFwUUtgXCneDE7cKnxcpv7zzzcv3stSNTc8f9wtycSTevUmjv8Tuiehh1xauDsEFu (https://solscan.io/tx/2PvhNvc7j6sAkKWUfPChz36wFwUUtgXCneDE7cKnxcpv7zzzcv3stSNTc8f9wtycSTevUmjv8Tuiehh1xauDsEFu)
    6. ckSv2xsYXQRWn8z39vcL9cXNGthhWLxAmKEDEop8HB4Qb81F5Nh26rHdRKz4EPFdWt9SSxHuxBmyFLheMvYasrm (https://solscan.io/tx/ckSv2xsYXQRWn8z39vcL9cXNGthhWLxAmKEDEop8HB4Qb81F5Nh26rHdRKz4EPFdWt9SSxHuxBmyFLheMvYasrm)
    7. FiWsBr2EUHRuSWNEUiQ7jFGnFQ1tQkmKV7zLjLUg9hGKE8xDzoMepNJvt6BrVy7Tz5HptCmXUvFyC6aQbHP3kdY (https://solscan.io/tx/FiWsBr2EUHRuSWNEUiQ7jFGnFQ1tQkmKV7zLjLUg9hGKE8xDzoMepNJvt6BrVy7Tz5HptCmXUvFyC6aQbHP3kdY)
    8. sRNYWPee7hB7vWEULE19qRAp4FfBMzMzwnPc4myDvjZv5riXzA1wzk2Tf2WRK9CLyFRzg3KfnaNwNDQ7a9id64p (https://solscan.io/tx/sRNYWPee7hB7vWEULE19qRAp4FfBMzMzwnPc4myDvjZv5riXzA1wzk2Tf2WRK9CLyFRzg3KfnaNwNDQ7a9id64p)
  Tokens found: 68
    1. SCOPE (GXxGSiRjnMSr5bCWwtgkbu2ZpD9uq2s3k2S8s7tbpump)
    2. HAIR (GzdFBGKXeSLpdMmsy4761iLf6MRSHy7CZEcXGrwkpump)
    3. SCOPE (GXxGSiRjnMSr5bCWwtgkbu2ZpD9uq2s3k2S8s7tbpump)
    4. SCOPE (GXxGSiRjnMSr5bCWwtgkbu2ZpD9uq2s3k2S8s7tbpump)
    5. HAIR (GzdFBGKXeSLpdMmsy4761iLf6MRSHy7CZEcXGrwkpump)
    6. HAIR (GzdFBGKXeSLpdMmsy4761iLf6MRSHy7CZEcXGrwkpump)
    7. SCOPE (GXxGSiRjnMSr5bCWwtgkbu2ZpD9uq2s3k2S8s7tbpump)
    8. HAIR (GzdFBGKXeSLpdMmsy4761iLf6MRSHy7CZEcXGrwkpump)
    9. HAIR (GzdFBGKXeSLpdMmsy4761iLf6MRSHy7CZEcXGrwkpump)
    10. SCOPE (GXxGSiRjnMSr5bCWwtgkbu2ZpD9uq2s3k2S8s7tbpump)
    11. SCOPE (GXxGSiRjnMSr5bCWwtgkbu2ZpD9uq2s3k2S8s7tbpump)
    12. SCOPE (GXxGSiRjnMSr5bCWwtgkbu2ZpD9uq2s3k2S8s7tbpump)
    13. HAIR (GzdFBGKXeSLpdMmsy4761iLf6MRSHy7CZEcXGrwkpump)
    14. ideal (63fYtXQW6TKcG6zbHN2BxHjAoYkjDPr8JmPne4zqpump)
    15. HAIR (GzdFBGKXeSLpdMmsy4761iLf6MRSHy7CZEcXGrwkpump)
    16. HAIR (GzdFBGKXeSLpdMmsy4761iLf6MRSHy7CZEcXGrwkpump)
    17. ideal (63fYtXQW6TKcG6zbHN2BxHjAoYkjDPr8JmPne4zqpump)
    18. HAIR (GzdFBGKXeSLpdMmsy4761iLf6MRSHy7CZEcXGrwkpump)
    19. ideal (63fYtXQW6TKcG6zbHN2BxHjAoYkjDPr8JmPne4zqpump)
    20. HAIR (GzdFBGKXeSLpdMmsy4761iLf6MRSHy7CZEcXGrwkpump)
    21. HAIR (GzdFBGKXeSLpdMmsy4761iLf6MRSHy7CZEcXGrwkpump)
    22. ideal (63fYtXQW6TKcG6zbHN2BxHjAoYkjDPr8JmPne4zqpump)
    23. HAIR (GzdFBGKXeSLpdMmsy4761iLf6MRSHy7CZEcXGrwkpump)
    24. ideal (63fYtXQW6TKcG6zbHN2BxHjAoYkjDPr8JmPne4zqpump)
    25. NOOO (9NCRjZmqkx2MSgRgQocKNM6NvCkJj3TRJJZ9SLqipump)
    26. SPL Token (4VXTiwEZEB7MDMVHg7RfzBJ61fXjmcxVEDW2QjWXpump)
    27. NOOO (9NCRjZmqkx2MSgRgQocKNM6NvCkJj3TRJJZ9SLqipump)
    28. SPL Token (4VXTiwEZEB7MDMVHg7RfzBJ61fXjmcxVEDW2QjWXpump)
    29. SPL Token (4VXTiwEZEB7MDMVHg7RfzBJ61fXjmcxVEDW2QjWXpump)
    30. NOOO (9NCRjZmqkx2MSgRgQocKNM6NvCkJj3TRJJZ9SLqipump)
    31. SPL Token (4VXTiwEZEB7MDMVHg7RfzBJ61fXjmcxVEDW2QjWXpump)
    32. NOOO (9NCRjZmqkx2MSgRgQocKNM6NvCkJj3TRJJZ9SLqipump)
    33. SPL Token (4VXTiwEZEB7MDMVHg7RfzBJ61fXjmcxVEDW2QjWXpump)
    34. NOOO (9NCRjZmqkx2MSgRgQocKNM6NvCkJj3TRJJZ9SLqipump)
    35. DSPD (TEtv9gav3Z5hEonjRkfvYg8pmX7SsEsTe6nrbUUpump)
    36. DSPD (TEtv9gav3Z5hEonjRkfvYg8pmX7SsEsTe6nrbUUpump)
    37. DSPD (TEtv9gav3Z5hEonjRkfvYg8pmX7SsEsTe6nrbUUpump)
    38. DSPD (TEtv9gav3Z5hEonjRkfvYg8pmX7SsEsTe6nrbUUpump)
    39. DSPD (TEtv9gav3Z5hEonjRkfvYg8pmX7SsEsTe6nrbUUpump)
    40. DSPD (TEtv9gav3Z5hEonjRkfvYg8pmX7SsEsTe6nrbUUpump)
    41. DSPD (TEtv9gav3Z5hEonjRkfvYg8pmX7SsEsTe6nrbUUpump)
    42. TNL (AnZAUarquWTDvCyb2UHUBKZHgBQAwNCJYCUVAdCupump)
    43. TNL (AnZAUarquWTDvCyb2UHUBKZHgBQAwNCJYCUVAdCupump)
    44. TNL (AnZAUarquWTDvCyb2UHUBKZHgBQAwNCJYCUVAdCupump)
    45. TNL (AnZAUarquWTDvCyb2UHUBKZHgBQAwNCJYCUVAdCupump)
    46. TNL (AnZAUarquWTDvCyb2UHUBKZHgBQAwNCJYCUVAdCupump)
    47. SPL Token (GaSPnL3ZDVf47TXFwuKPD9Mh8YFXw4aXA6xtnf5Tpump)
    48. AuFi (9XcYzq5UjZZVtbDbdBReNUNwW7tGyAUruoDEv1LHpump)
    49. SPL Token (GaSPnL3ZDVf47TXFwuKPD9Mh8YFXw4aXA6xtnf5Tpump)
    50. SPL Token (GaSPnL3ZDVf47TXFwuKPD9Mh8YFXw4aXA6xtnf5Tpump)
    51. AuFi (9XcYzq5UjZZVtbDbdBReNUNwW7tGyAUruoDEv1LHpump)
    52. SPL Token (GaSPnL3ZDVf47TXFwuKPD9Mh8YFXw4aXA6xtnf5Tpump)
    53. AuFi (9XcYzq5UjZZVtbDbdBReNUNwW7tGyAUruoDEv1LHpump)
    54. SPL Token (GaSPnL3ZDVf47TXFwuKPD9Mh8YFXw4aXA6xtnf5Tpump)
    55. SPL Token (GaSPnL3ZDVf47TXFwuKPD9Mh8YFXw4aXA6xtnf5Tpump)
    56. AuFi (9XcYzq5UjZZVtbDbdBReNUNwW7tGyAUruoDEv1LHpump)
    57. SPL Token (GaSPnL3ZDVf47TXFwuKPD9Mh8YFXw4aXA6xtnf5Tpump)
    58. AuFi (9XcYzq5UjZZVtbDbdBReNUNwW7tGyAUruoDEv1LHpump)
    59. HAIR (GzdFBGKXeSLpdMmsy4761iLf6MRSHy7CZEcXGrwkpump)
    60. HAIR (GzdFBGKXeSLpdMmsy4761iLf6MRSHy7CZEcXGrwkpump)
    61. HAIR (GzdFBGKXeSLpdMmsy4761iLf6MRSHy7CZEcXGrwkpump)
    62. HAIR (GzdFBGKXeSLpdMmsy4761iLf6MRSHy7CZEcXGrwkpump)
    63. HAIR (GzdFBGKXeSLpdMmsy4761iLf6MRSHy7CZEcXGrwkpump)
    64. X (4GUoDg5bsPukgCN8WxVRtvDYoAvhkFkGHWN3aNMXpump)
    65. X (4GUoDg5bsPukgCN8WxVRtvDYoAvhkFkGHWN3aNMXpump)
    66. X (4GUoDg5bsPukgCN8WxVRtvDYoAvhkFkGHWN3aNMXpump)
    67. X (4GUoDg5bsPukgCN8WxVRtvDYoAvhkFkGHWN3aNMXpump)
    68. X (4GUoDg5bsPukgCN8WxVRtvDYoAvhkFkGHWN3aNMXpump)
[2025-04-11T20:00:28.957Z] Scraping top 10 signatures (6 new out of 10)
  Signatures processed: 6
    1. 3U2HAVYd5XSL4XjFtD1c4nRQybwUzkHHPb6WAehMdGmpuRBiuajxhkYeb5x5ADbKAV9HPKsGUQ5Nag83LBgnSJ7p (https://solscan.io/tx/3U2HAVYd5XSL4XjFtD1c4nRQybwUzkHHPb6WAehMdGmpuRBiuajxhkYeb5x5ADbKAV9HPKsGUQ5Nag83LBgnSJ7p)
    2. L6rbv5oH18aM6xbMXbQpBFx7JrTV1mcwz1QCxxikD4mUX3DeHzG2TMfxuXaLTCahVYcDBAnUeWsgYxu8vMdRGjg (https://solscan.io/tx/L6rbv5oH18aM6xbMXbQpBFx7JrTV1mcwz1QCxxikD4mUX3DeHzG2TMfxuXaLTCahVYcDBAnUeWsgYxu8vMdRGjg)
    3. 32T2rGYc4S5qTn3aKkJEGVatiRc5iGtyXnnRYZqnfL4hjjapQtY3i1eJ7pLeKF5TV1zZjzBdmTAnBCAMMoFNWuCX (https://solscan.io/tx/32T2rGYc4S5qTn3aKkJEGVatiRc5iGtyXnnRYZqnfL4hjjapQtY3i1eJ7pLeKF5TV1zZjzBdmTAnBCAMMoFNWuCX)
    4. 2aKGZLhCF66886g8sxPfVyA95ovsew62r85CL4tr2xYgNEVumV7Ta6zahmWBf9PvqLfWnxLvbrnGRfcPwfvMmT84 (https://solscan.io/tx/2aKGZLhCF66886g8sxPfVyA95ovsew62r85CL4tr2xYgNEVumV7Ta6zahmWBf9PvqLfWnxLvbrnGRfcPwfvMmT84)
    5. 4eg64BkUi2KEafY2mpkJP5JpCbhPv1qYwRzKdghoLTgAcNyvn8ZndPryRFvAJRk9F7nZdT66CoxD4vWThbxJAG1 (https://solscan.io/tx/4eg64BkUi2KEafY2mpkJP5JpCbhPv1qYwRzKdghoLTgAcNyvn8ZndPryRFvAJRk9F7nZdT66CoxD4vWThbxJAG1)
    6. odRYM3SM1dPLygnPjy14pNYXLsYcdSJVpWcgDsmpAUKgv23xPnZhTx2E6v47UhNhkzYRWfeB34zxbRUFTQj2ZXG (https://solscan.io/tx/odRYM3SM1dPLygnPjy14pNYXLsYcdSJVpWcgDsmpAUKgv23xPnZhTx2E6v47UhNhkzYRWfeB34zxbRUFTQj2ZXG)
[2025-04-11T20:00:39.268Z] New pump token found: fartcycle
  Tokens found: 1
    1. fartcycle (5d82791nEub4A6WJR4t5rtDUrM1CrWdcw4kea4U9pump)
[2025-04-11T20:00:41.945Z] New pump token found: PEPE
  Tokens found: 1
    1. PEPE (EXqzgQbZx5Bxr5x8XqBmN6pS3fKXfLqqDiKBDtH7pump)
[2025-04-11T20:00:41.950Z] New pump token found: WINNING
  Tokens found: 1
    1. WINNING (Bt3yR5VcsysFU33YQuNRTtZtjXie9z3XYpy3F9nNpump)
