[2025-04-11T20:00:41.951Z] Tokens in queue: 26
  1. SPL Token (4GUoDg5bsPukgCN8WxVRtvDYoAvhkFkGHWN3aNMXpump) - Added: 2025-04-11T19:53:46.592Z
  2. boob (2RkEzUvxq2jnxQjw1nrLZTSrdZGpZhbXRzDv9nbhpump) - Added: 2025-04-11T19:54:05.208Z
  3. SOLTIX (k34eDEXWo8mJvfC6MjVvNGKVXmcjqSVTh17bw7Lpump) - Added: 2025-04-11T19:54:05.213Z
  4. SCOPE (GXxGSiRjnMSr5bCWwtgkbu2ZpD9uq2s3k2S8s7tbpump) - Added: 2025-04-11T19:54:25.066Z
  5. HAIR (GzdFBGKXeSLpdMmsy4761iLf6MRSHy7CZEcXGrwkpump) - Added: 2025-04-11T19:54:25.071Z
  6. Land (J9tBGFgTnpkVWPEwtHMwLqxUNFMXQakZXLQUP5y5pump) - Added: 2025-04-11T19:54:57.027Z
  7. RAM (4yPkcpzazKvuKxGbt4kCdg7R2yvpX9gE4b7uctdfpump) - Added: 2025-04-11T19:54:57.031Z
  8. SPL Token (9QcgTDzniL3cmEA2yhQVqVDwdD4GrdtVGHMpQaThpump) - Added: 2025-04-11T19:55:16.402Z
  9. WOP (ExLbFtca8BuEHRTVUjsSBq14jJVqDP4csS17GAbYpump) - Added: 2025-04-11T19:55:26.096Z
  10. crayon (AVmQwiVBEXvZet5DZJu5oRbERg25pD5zuAW1u9qGpump) - Added: 2025-04-11T19:55:47.102Z
  11. 420M (7SyppZXmyBtELy6otM5gmg8jnnymLMDoU8xcPyAcpump) - Added: 2025-04-11T19:55:51.262Z
  12. Grok (6mmEpBUYdfNdWN4nByn1uuN7pry5SZKsaBp3Ea23pump) - Added: 2025-04-11T19:55:55.648Z
  13. SPL Token (CT8ZUvPHjEivsEmQ7iEjJEBvJhH38BtTDzngawqKpump) - Added: 2025-04-11T19:55:55.653Z
  14. CHINAWOOD (4qbPnLNscHEGovzJXaHUxMKs6XBg2HGVUhEuMAqwpump) - Added: 2025-04-11T19:57:28.245Z
  15. monster (6F33geZQnh7qp8mwbb9vJTGP9ShqjiH3Nk8Fk9bnpump) - Added: 2025-04-11T19:57:43.451Z
  16. TRAPMAN (2keMYYDadht6tLpYjQELbJSUyM3dVE94RVJDAZyFpump) - Added: 2025-04-11T19:57:43.485Z
  17. AISLOP (2wzVMXhLypmP92mXNCq4fuFcd9TCC972AbMfuiH3pump) - Added: 2025-04-11T19:57:48.364Z
  18. DeFi (8usJHdAQBCmdGgKqTrXR7b5Fs4WnZ9roexBZw1rYpump) - Added: 2025-04-11T19:57:49.233Z
  19. ideal (63fYtXQW6TKcG6zbHN2BxHjAoYkjDPr8JmPne4zqpump) - Added: 2025-04-11T19:58:17.918Z
  20. NOOO (9NCRjZmqkx2MSgRgQocKNM6NvCkJj3TRJJZ9SLqipump) - Added: 2025-04-11T19:58:24.200Z
  21. SPL Token (4VXTiwEZEB7MDMVHg7RfzBJ61fXjmcxVEDW2QjWXpump) - Added: 2025-04-11T19:58:24.211Z
  22. TNL (AnZAUarquWTDvCyb2UHUBKZHgBQAwNCJYCUVAdCupump) - Added: 2025-04-11T19:58:31.003Z
  23. SPL Token (GaSPnL3ZDVf47TXFwuKPD9Mh8YFXw4aXA6xtnf5Tpump) - Added: 2025-04-11T19:58:44.202Z
  24. AuFi (9XcYzq5UjZZVtbDbdBReNUNwW7tGyAUruoDEv1LHpump) - Added: 2025-04-11T19:58:44.227Z
  25. PEPE (EXqzgQbZx5Bxr5x8XqBmN6pS3fKXfLqqDiKBDtH7pump) - Added: 2025-04-11T20:00:41.946Z
  26. WINNING (Bt3yR5VcsysFU33YQuNRTtZtjXie9z3XYpy3F9nNpump) - Added: 2025-04-11T20:00:41.951Z
